SEP 28 19:30:51.629.799 cdaq_evt[02677]: 6200 events [11.1 Hz].
SEP 28 19:31:07.247.155 cdaq_evt[02678]: 6400 events [12.8 Hz].
SEP 28 19:31:16.974.520 cdaq_cmd[01643]: SCI_NOOP.
SEP 28 19:31:16.974.541 cdaq_cmd[01644]: ERROR: COMMAND MISSING: serial number 65, expected number 47.
SEP 28 19:31:16.974.552 cdaq_cmd[01645]: NOOP (command counts: 1 since last noop, 730 in total).
SEP 28 19:31:25.544.226 cdaq_evt[02679]: 6600 events [10.9 Hz].
SEP 28 19:31:34.889.838 cdaq_cmd[01646]: DCommand: SCI_SPI CAL, SEND.
SEP 28 19:31:34.889.854 cdaq_cmd[01647]: DCommand: SCI_SPI SCD2, SEND.
SEP 28 19:31:34.889.864 cdaq_cmd[01648]: DCommand: SCI_SPI SCD1, SEND.
SEP 28 19:31:34.889.874 cdaq_cmd[01649]: DCommand: SCI_SPI SCD3, SEND.
SEP 28 19:31:34.889.884 cdaq_cmd[01650]: DCommand: SCI_SPI SCD4, SEND.
SEP 28 19:31:34.889.901 cdaq_cmd[01651]: DCommand: SCI_SPI TCD/BCD, SEND.
SEP 28 19:31:34.889.915 cdaq_cmd[01652]: DCommand: SCI_ZCAL_RUN CAL, 10, RAW = ON, SUMMARY = ON.
SEP 28 19:31:34.889.926 cdaq_cmd[01653]: DCommand: SCI_ZCAL_RUN SCD2, 10, RAW = ON, SUMMARY = ON.
SEP 28 19:31:34.889.937 cdaq_cmd[01654]: DCommand: SCI_ZCAL_RUN SCD1, 10, RAW = ON, SUMMARY = ON.
SEP 28 19:31:34.889.948 cdaq_cmd[01655]: DCommand: SCI_ZCAL_RUN SCD3, 10, RAW = ON, SUMMARY = ON.
SEP 28 19:31:34.889.959 cdaq_cmd[01656]: DCommand: SCI_ZCAL_RUN SCD4, 10, RAW = ON, SUMMARY = ON.
SEP 28 19:31:34.889.970 cdaq_cmd[01657]: DCommand: SCI_ZCAL_RUN TCD/BCD, 10, RAW = ON, SUMMARY = ON.
SEP 28 19:31:34.889.982 cdaq_cmd[01658]: DCommand: SCI_PEDESTAL_RUN CAL, 100, UPDATE = ON, RAW = ON, SUMMARY = ON.
SEP 28 19:31:34.889.994 cdaq_cmd[01659]: DCommand: SCI_PEDESTAL_RUN SCD2, 100, UPDATE = ON, RAW = ON, SUMMARY = ON.
SEP 28 19:31:34.890.005 cdaq_cmd[01660]: DCommand: SCI_PEDESTAL_RUN SCD1, 100, UPDATE = ON, RAW = ON, SUMMARY = ON.
SEP 28 19:31:34.890.016 cdaq_cmd[01661]: DCommand: SCI_PEDESTAL_RUN SCD3, 100, UPDATE = ON, RAW = ON, SUMMARY = ON.
SEP 28 19:31:34.890.028 cdaq_cmd[01662]: DCommand: SCI_PEDESTAL_RUN SCD4, 100, UPDATE = ON, RAW = ON, SUMMARY = ON.
SEP 28 19:31:34.890.040 cdaq_cmd[01663]: DCommand: SCI_PEDESTAL_RUN TCD/BCD, 100, UPDATE = ON, RAW = ON, SUMMARY = ON.
SEP 28 19:31:34.890.051 cdaq_cmd[01664]: DCommand: SCI_LED_RUN CAL, 20, RAW = ON, SUMMARY = ON.
SEP 28 19:31:34.890.063 cdaq_cmd[01665]: DCommand: SCI_LED_RUN BSD, 3000, RAW = OFF, SUMMARY = ON.
SEP 28 19:31:35.031.155 cdaq_evt[02680]: CAL stv info requested.
SEP 28 19:31:35.031.456 cdaq_evt[02681]: SCD stv info requested.
SEP 28 19:31:35.031.741 cdaq_evt[02682]: SCD stv info requested.
SEP 28 19:31:35.032.041 cdaq_evt[02683]: SCD stv info requested.
SEP 28 19:31:35.032.326 cdaq_evt[02684]: SCD stv info requested.
SEP 28 19:31:35.032.626 cdaq_evt[02685]: CAL stv info requested.
SEP 28 19:31:35.032.783 cdaq_evt[02686]: Charge injection event sending: on.
SEP 28 19:31:35.032.792 cdaq_evt[02687]: loop parameters 50, 50, 50.
SEP 28 19:31:35.093.086 cdaq_evt[02688]: czcal: starting (loop parameters 50, 50, 50; 10 events each).
SEP 28 19:31:35.093.156 cdaq_evt[02689]: setting hold delay to 47.
SEP 28 19:31:35.093.170 cdaq_evt[02690]: dispatch: 604309040000112F.
SEP 28 19:31:35.095.489 cdaq_evt[02691]: dispatch: 6043090200000000.
SEP 28 19:31:35.096.807 cdaq_evt[02692]: dispatch: 6043011700000000.
SEP 28 19:31:35.098.006 cdaq_evt[02693]: dispatch: 6043021700000000.
SEP 28 19:31:35.099.127 cdaq_evt[02694]: dispatch: 6043031700000000.
SEP 28 19:31:35.100.252 cdaq_evt[02695]: dispatch: 6043041700000000.
SEP 28 19:31:35.101.376 cdaq_evt[02696]: dispatch: 6043051700000000.
SEP 28 19:31:35.102.501 cdaq_evt[02697]: dispatch: 6043061700000000.
SEP 28 19:31:35.103.626 cdaq_evt[02698]: dispatch: 6043071700000000.
SEP 28 19:31:35.104.800 cdaq_evt[02699]: dispatch: 6043081700000000.
SEP 28 19:31:35.105.775 cdaq_evt[02700]: dispatch: 6043011900000000.
SEP 28 19:31:35.106.762 cdaq_evt[02701]: dispatch: 6043021900000000.
SEP 28 19:31:35.108.000 cdaq_evt[02702]: dispatch: 6043031900000000.
SEP 28 19:31:35.108.999 cdaq_evt[02703]: dispatch: 6043041900000000.
SEP 28 19:31:35.110.125 cdaq_evt[02704]: dispatch: 6043051900000000.
SEP 28 19:31:35.111.125 cdaq_evt[02705]: dispatch: 6043061900000000.
SEP 28 19:31:35.112.250 cdaq_evt[02706]: dispatch: 6043071900000000.
SEP 28 19:31:35.113.375 cdaq_evt[02707]: dispatch: 6043081900000000.
