SEP 30 22:11:57.695.295 cdaq_cmd[00623]: SCI_IIU_GROUND SCI_WATCHDOG.
SEP 30 22:14:38.331.793 cdaq_cmd[00624]: SCI_HV_SYNC CAL, 0x0FFFF000, 1666.
SEP 30 22:14:38.331.814 cdaq_cmd[00625]: Synchronizing dev 1, 0 to high-voltage 1666.
SEP 30 22:14:38.331.820 cdaq_cmd[00626]: Synchronizing dev 1, 1 to high-voltage 1666.
SEP 30 22:14:38.331.826 cdaq_cmd[00627]: Synchronizing dev 1, 2 to high-voltage 1666.
SEP 30 22:14:38.331.831 cdaq_cmd[00628]: Synchronizing dev 1, 3 to high-voltage 1666.
SEP 30 22:14:38.331.837 cdaq_cmd[00629]: Synchronizing dev 1, 4 to high-voltage 1666.
SEP 30 22:14:38.331.843 cdaq_cmd[00630]: Synchronizing dev 1, 5 to high-voltage 1666.
SEP 30 22:14:38.331.849 cdaq_cmd[00631]: Synchronizing dev 1, 6 to high-voltage 1666.
SEP 30 22:14:38.331.855 cdaq_cmd[00632]: Synchronizing dev 1, 7 to high-voltage 1666.
SEP 30 22:14:38.331.861 cdaq_cmd[00633]: Synchronizing dev 1, 8 to high-voltage 1666.
SEP 30 22:14:38.331.867 cdaq_cmd[00634]: Synchronizing dev 1, 9 to high-voltage 1666.
SEP 30 22:14:38.331.873 cdaq_cmd[00635]: Synchronizing dev 1, 10 to high-voltage 1666.
SEP 30 22:14:38.331.879 cdaq_cmd[00636]: Synchronizing dev 1, 11 to high-voltage 1666.
SEP 30 22:14:38.331.885 cdaq_cmd[00637]: Synchronizing dev 1, 12 to high-voltage 1666.
SEP 30 22:14:38.331.890 cdaq_cmd[00638]: Synchronizing dev 1, 13 to high-voltage 1666.
SEP 30 22:14:38.331.896 cdaq_cmd[00639]: Synchronizing dev 1, 14 to high-voltage 1666.
SEP 30 22:14:38.331.902 cdaq_cmd[00640]: Synchronizing dev 1, 15 to high-voltage 1666.
SEP 30 22:14:46.833.498 cdaq_cmd[00641]: SCI_HV_LEVEL CAL, 0x0FFFF000, 0.
SEP 30 22:14:53.818.438 cdaq_cmd[00642]: DCommand: SCI_HV CMC, 0x00000001, PRINT.
SEP 30 22:14:53.818.455 cdaq_cmd[00643]: DCommand: SCI_HV CMC, 0x00000C1C, PRINT.
SEP 30 22:14:53.818.465 cdaq_cmd[00644]: DCommand: SCI_HV CMC, 0x00000001, PRINT.
SEP 30 22:14:53.818.475 cdaq_cmd[00645]: DCommand: SCI_HV CMC, 0x00000C1C, PRINT.
SEP 30 22:14:53.818.485 cdaq_cmd[00646]: DCommand: SCI_HV CMC, 0x00000001, PRINT.
SEP 30 22:14:53.818.494 cdaq_cmd[00647]: DCommand: SCI_HV CMC, 0x00000C1C, PRINT.
SEP 30 22:14:53.818.504 cdaq_cmd[00648]: DCommand: SCI_HV CMC, 0x00000001, PRINT.
SEP 30 22:14:53.818.514 cdaq_cmd[00649]: DCommand: SCI_HV CMC, 0x00000C1C, PRINT.
SEP 30 22:14:53.818.524 cdaq_cmd[00650]: DCommand: SCI_HV CMC, 0x00000001, PRINT.
SEP 30 22:14:53.818.533 cdaq_cmd[00651]: DCommand: SCI_HV CMC, 0x00000C1C, PRINT.
SEP 30 22:14:53.818.543 cdaq_cmd[00652]: DCommand: SCI_HV CMC, 0x00000001, PRINT.
SEP 30 22:14:53.818.553 cdaq_cmd[00653]: DCommand: SCI_HV CMC, 0x00000C1C, PRINT.
SEP 30 22:14:53.818.562 cdaq_cmd[00654]: DCommand: SCI_HV CMC, 0x00000001, PRINT.
SEP 30 22:14:53.818.572 cdaq_cmd[00655]: DCommand: SCI_HV CMC, 0x00000C1C, PRINT.
SEP 30 22:14:53.818.582 cdaq_cmd[00656]: DCommand: SCI_HV CMC, 0x00000001, PRINT.
SEP 30 22:14:53.818.591 cdaq_cmd[00657]: DCommand: SCI_HV CMC, 0x00000C1C, PRINT.
SEP 30 22:14:53.818.601 cdaq_cmd[00658]: DCommand: SCI_HV CMC, 0x00000001, PRINT.
SEP 30 22:14:53.818.610 cdaq_cmd[00659]: DCommand: SCI_HV CMC, 0x00000C1C, PRINT.
SEP 30 22:14:53.818.620 cdaq_cmd[00660]: DCommand: SCI_HV CMC, 0x00000001, PRINT.
SEP 30 22:14:53.818.630 cdaq_cmd[00661]: DCommand: SCI_HV CMC, 0x00000C1C, PRINT.
SEP 30 22:14:53.818.640 cdaq_cmd[00662]: DCommand: SCI_HV CMC, 0x00000001, PRINT.
SEP 30 22:14:53.818.649 cdaq_cmd[00663]: DCommand: SCI_HV CMC, 0x00000C1C, PRINT.
SEP 30 22:14:53.818.659 cdaq_cmd[00664]: DCommand: SCI_HV CMC, 0x00000001, PRINT.
SEP 30 22:14:53.818.669 cdaq_cmd[00665]: DCommand: SCI_HV CMC, 0x00000C1C, PRINT.
SEP 30 22:14:53.818.678 cdaq_cmd[00666]: DCommand: SCI_HV CMC, 0x00000001, PRINT.
SEP 30 22:14:53.818.688 cdaq_cmd[00667]: DCommand: SCI_HV CMC, 0x00000C1C, PRINT.
SEP 30 22:14:53.818.698 cdaq_cmd[00668]: DCommand: SCI_HV CMC, 0x00000001, PRINT.
SEP 30 22:14:53.818.708 cdaq_cmd[00669]: DCommand: SCI_HV CMC, 0x00000C1C, PRINT.
SEP 30 22:14:53.818.718 cdaq_cmd[00670]: DCommand: SCI_HV CMC, 0x00000001, PRINT.
SEP 30 22:14:53.818.727 cdaq_cmd[00671]: DCommand: SCI_HV CMC, 0x00000C1C, PRINT.
SEP 30 22:14:53.818.737 cdaq_cmd[00672]: DCommand: SCI_HV CMC, 0x00000001, PRINT.
SEP 30 22:14:53.818.747 cdaq_cmd[00673]: DCommand: SCI_HV CMC, 0x00000C1C, PRINT.
SEP 30 22:14:53.818.753 cdaq_cmd[00674]: HV Ramping:  1 1550 0000 1 0 0
.
SEP 30 22:15:00.828.383 cdaq_cmd[00675]: DCommand: SCI_HV CMC, 0x00000B34, PRINT.
SEP 30 22:15:00.828.401 cdaq_cmd[00676]: DCommand: SCI_HV CMC, 0x00000B34, PRINT.
SEP 30 22:15:00.828.417 cdaq_cmd[00677]: DCommand: SCI_HV CMC, 0x00000B34, PRINT.
SEP 30 22:15:00.828.428 cdaq_cmd[00678]: DCommand: SCI_HV CMC, 0x00000B34, PRINT.
SEP 30 22:15:00.828.438 cdaq_cmd[00679]: DCommand: SCI_HV CMC, 0x00000B34, PRINT.
SEP 30 22:15:00.828.448 cdaq_cmd[00680]: DCommand: SCI_HV CMC, 0x00000B34, PRINT.
SEP 30 22:15:00.828.458 cdaq_cmd[00681]: DCommand: SCI_HV CMC, 0x00000B34, PRINT.
SEP 30 22:15:00.828.468 cdaq_cmd[00682]: DCommand: SCI_HV CMC, 0x00000B34, PRINT.
SEP 30 22:15:00.828.479 cdaq_cmd[00683]: DCommand: SCI_HV CMC, 0x00000B34, PRINT.
SEP 30 22:15:00.828.489 cdaq_cmd[00684]: DCommand: SCI_HV CMC, 0x00000B34, PRINT.
SEP 30 22:15:00.828.499 cdaq_cmd[00685]: DCommand: SCI_HV CMC, 0x00000B34, PRINT.
SEP 30 22:15:00.828.510 cdaq_cmd[00686]: DCommand: SCI_HV CMC, 0x00000B34, PRINT.
SEP 30 22:15:00.828.520 cdaq_cmd[00687]: DCommand: SCI_HV CMC, 0x00000B34, PRINT.
SEP 30 22:15:00.828.531 cdaq_cmd[00688]: DCommand: SCI_HV CMC, 0x00000B34, PRINT.
SEP 30 22:15:00.828.541 cdaq_cmd[00689]: DCommand: SCI_HV CMC, 0x00000B34, PRINT.
SEP 30 22:15:00.828.551 cdaq_cmd[00690]: DCommand: SCI_HV CMC, 0x00000B34, PRINT.
SEP 30 22:15:00.828.559 cdaq_cmd[00691]: HV Ramping:  1 1434 0000 1 0 0
.
SEP 30 22:15:07.840.320 cdaq_cmd[00692]: DCommand: SCI_HV CMC, 0x00000A4C, PRINT.
SEP 30 22:15:07.840.336 cdaq_cmd[00693]: DCommand: SCI_HV CMC, 0x00000A4C, PRINT.
SEP 30 22:15:07.840.346 cdaq_cmd[00694]: DCommand: SCI_HV CMC, 0x00000A4C, PRINT.
SEP 30 22:15:07.840.357 cdaq_cmd[00695]: DCommand: SCI_HV CMC, 0x00000A4C, PRINT.
SEP 30 22:15:07.840.367 cdaq_cmd[00696]: DCommand: SCI_HV CMC, 0x00000A4C, PRINT.
SEP 30 22:15:07.840.378 cdaq_cmd[00697]: DCommand: SCI_HV CMC, 0x00000A4C, PRINT.
SEP 30 22:15:07.840.389 cdaq_cmd[00698]: DCommand: SCI_HV CMC, 0x00000A4C, PRINT.
SEP 30 22:15:07.840.398 cdaq_cmd[00699]: DCommand: SCI_HV CMC, 0x00000A4C, PRINT.
SEP 30 22:15:07.840.408 cdaq_cmd[00700]: DCommand: SCI_HV CMC, 0x00000A4C, PRINT.
SEP 30 22:15:07.840.419 cdaq_cmd[00701]: DCommand: SCI_HV CMC, 0x00000A4C, PRINT.
SEP 30 22:15:07.840.429 cdaq_cmd[00702]: DCommand: SCI_HV CMC, 0x00000A4C, PRINT.
SEP 30 22:15:07.840.439 cdaq_cmd[00703]: DCommand: SCI_HV CMC, 0x00000A4C, PRINT.
SEP 30 22:15:07.840.449 cdaq_cmd[00704]: DCommand: SCI_HV CMC, 0x00000A4C, PRINT.
SEP 30 22:15:07.840.461 cdaq_cmd[00705]: DCommand: SCI_HV CMC, 0x00000A4C, PRINT.
SEP 30 22:15:07.840.471 cdaq_cmd[00706]: DCommand: SCI_HV CMC, 0x00000A4C, PRINT.
SEP 30 22:15:07.840.481 cdaq_cmd[00707]: DCommand: SCI_HV CMC, 0x00000A4C, PRINT.
SEP 30 22:15:07.840.489 cdaq_cmd[00708]: HV Ramping:  1 1318 0000 1 0 0
.
SEP 30 22:15:14.849.223 cdaq_cmd[00709]: DCommand: SCI_HV CMC, 0x00000964, PRINT.
SEP 30 22:15:14.849.241 cdaq_cmd[00710]: DCommand: SCI_HV CMC, 0x00000964, PRINT.
SEP 30 22:15:14.849.251 cdaq_cmd[00711]: DCommand: SCI_HV CMC, 0x00000964, PRINT.
SEP 30 22:15:14.849.261 cdaq_cmd[00712]: DCommand: SCI_HV CMC, 0x00000964, PRINT.
SEP 30 22:15:14.849.271 cdaq_cmd[00713]: DCommand: SCI_HV CMC, 0x00000964, PRINT.
SEP 30 22:15:14.849.280 cdaq_cmd[00714]: DCommand: SCI_HV CMC, 0x00000964, PRINT.
SEP 30 22:15:14.849.290 cdaq_cmd[00715]: DCommand: SCI_HV CMC, 0x00000964, PRINT.
SEP 30 22:15:14.849.300 cdaq_cmd[00716]: DCommand: SCI_HV CMC, 0x00000964, PRINT.
SEP 30 22:15:14.849.310 cdaq_cmd[00717]: DCommand: SCI_HV CMC, 0x00000964, PRINT.
SEP 30 22:15:14.849.319 cdaq_cmd[00718]: DCommand: SCI_HV CMC, 0x00000964, PRINT.
SEP 30 22:15:14.849.329 cdaq_cmd[00719]: DCommand: SCI_HV CMC, 0x00000964, PRINT.
SEP 30 22:15:14.849.339 cdaq_cmd[00720]: DCommand: SCI_HV CMC, 0x00000964, PRINT.
SEP 30 22:15:14.849.349 cdaq_cmd[00721]: DCommand: SCI_HV CMC, 0x00000964, PRINT.
SEP 30 22:15:14.849.359 cdaq_cmd[00722]: DCommand: SCI_HV CMC, 0x00000964, PRINT.
SEP 30 22:15:14.849.369 cdaq_cmd[00723]: DCommand: SCI_HV CMC, 0x00000964, PRINT.
SEP 30 22:15:14.849.378 cdaq_cmd[00724]: DCommand: SCI_HV CMC, 0x00000964, PRINT.
SEP 30 22:15:14.849.385 cdaq_cmd[00725]: HV Ramping:  1 1202 0000 1 0 0
.
SEP 30 22:15:21.860.174 cdaq_cmd[00726]: DCommand: SCI_HV CMC, 0x0000087C, PRINT.
SEP 30 22:15:21.860.192 cdaq_cmd[00727]: DCommand: SCI_HV CMC, 0x0000087C, PRINT.
SEP 30 22:15:21.860.202 cdaq_cmd[00728]: DCommand: SCI_HV CMC, 0x0000087C, PRINT.
SEP 30 22:15:21.860.212 cdaq_cmd[00729]: DCommand: SCI_HV CMC, 0x0000087C, PRINT.
SEP 30 22:15:21.860.223 cdaq_cmd[00730]: DCommand: SCI_HV CMC, 0x0000087C, PRINT.
SEP 30 22:15:21.860.233 cdaq_cmd[00731]: DCommand: SCI_HV CMC, 0x0000087C, PRINT.
SEP 30 22:15:21.860.244 cdaq_cmd[00732]: DCommand: SCI_HV CMC, 0x0000087C, PRINT.
SEP 30 22:15:21.860.254 cdaq_cmd[00733]: DCommand: SCI_HV CMC, 0x0000087C, PRINT.
SEP 30 22:15:21.860.264 cdaq_cmd[00734]: DCommand: SCI_HV CMC, 0x0000087C, PRINT.
SEP 30 22:15:21.860.274 cdaq_cmd[00735]: DCommand: SCI_HV CMC, 0x0000087C, PRINT.
SEP 30 22:15:21.860.286 cdaq_cmd[00736]: DCommand: SCI_HV CMC, 0x0000087C, PRINT.
SEP 30 22:15:21.860.296 cdaq_cmd[00737]: DCommand: SCI_HV CMC, 0x0000087C, PRINT.
SEP 30 22:15:21.860.306 cdaq_cmd[00738]: DCommand: SCI_HV CMC, 0x0000087C, PRINT.
SEP 30 22:15:21.860.317 cdaq_cmd[00739]: DCommand: SCI_HV CMC, 0x0000087C, PRINT.
SEP 30 22:15:21.860.326 cdaq_cmd[00740]: DCommand: SCI_HV CMC, 0x0000087C, PRINT.
SEP 30 22:15:21.860.337 cdaq_cmd[00741]: DCommand: SCI_HV CMC, 0x0000087C, PRINT.
SEP 30 22:15:21.860.344 cdaq_cmd[00742]: HV Ramping:  1 1086 0000 1 0 0
.
SEP 30 22:15:28.872.109 cdaq_cmd[00743]: DCommand: SCI_HV CMC, 0x00000794, PRINT.
SEP 30 22:15:28.872.127 cdaq_cmd[00744]: DCommand: SCI_HV CMC, 0x00000794, PRINT.
SEP 30 22:15:28.872.136 cdaq_cmd[00745]: DCommand: SCI_HV CMC, 0x00000794, PRINT.
SEP 30 22:15:28.872.146 cdaq_cmd[00746]: DCommand: SCI_HV CMC, 0x00000794, PRINT.
SEP 30 22:15:28.872.156 cdaq_cmd[00747]: DCommand: SCI_HV CMC, 0x00000794, PRINT.
SEP 30 22:15:28.872.166 cdaq_cmd[00748]: DCommand: SCI_HV CMC, 0x00000794, PRINT.
SEP 30 22:15:28.872.176 cdaq_cmd[00749]: DCommand: SCI_HV CMC, 0x00000794, PRINT.
SEP 30 22:15:28.872.185 cdaq_cmd[00750]: DCommand: SCI_HV CMC, 0x00000794, PRINT.
SEP 30 22:15:28.872.202 cdaq_cmd[00751]: DCommand: SCI_HV CMC, 0x00000794, PRINT.
SEP 30 22:15:28.872.211 cdaq_cmd[00752]: DCommand: SCI_HV CMC, 0x00000794, PRINT.
SEP 30 22:15:28.872.221 cdaq_cmd[00753]: DCommand: SCI_HV CMC, 0x00000794, PRINT.
SEP 30 22:15:28.872.231 cdaq_cmd[00754]: DCommand: SCI_HV CMC, 0x00000794, PRINT.
SEP 30 22:15:28.872.241 cdaq_cmd[00755]: DCommand: SCI_HV CMC, 0x00000794, PRINT.
SEP 30 22:15:28.872.250 cdaq_cmd[00756]: DCommand: SCI_HV CMC, 0x00000794, PRINT.
SEP 30 22:15:28.872.260 cdaq_cmd[00757]: DCommand: SCI_HV CMC, 0x00000794, PRINT.
SEP 30 22:15:28.872.270 cdaq_cmd[00758]: DCommand: SCI_HV CMC, 0x00000794, PRINT.
SEP 30 22:15:28.872.277 cdaq_cmd[00759]: HV Ramping:  1 0970 0000 1 0 0
.
SEP 30 22:15:35.880.041 cdaq_cmd[00760]: DCommand: SCI_HV CMC, 0x000006AC, PRINT.
SEP 30 22:15:35.880.059 cdaq_cmd[00761]: DCommand: SCI_HV CMC, 0x000006AC, PRINT.
SEP 30 22:15:35.880.069 cdaq_cmd[00762]: DCommand: SCI_HV CMC, 0x000006AC, PRINT.
SEP 30 22:15:35.880.079 cdaq_cmd[00763]: DCommand: SCI_HV CMC, 0x000006AC, PRINT.
SEP 30 22:15:35.880.089 cdaq_cmd[00764]: DCommand: SCI_HV CMC, 0x000006AC, PRINT.
SEP 30 22:15:35.880.099 cdaq_cmd[00765]: DCommand: SCI_HV CMC, 0x000006AC, PRINT.
SEP 30 22:15:35.880.109 cdaq_cmd[00766]: DCommand: SCI_HV CMC, 0x000006AC, PRINT.
SEP 30 22:15:35.880.119 cdaq_cmd[00767]: DCommand: SCI_HV CMC, 0x000006AC, PRINT.
SEP 30 22:15:35.880.129 cdaq_cmd[00768]: DCommand: SCI_HV CMC, 0x000006AC, PRINT.
SEP 30 22:15:35.880.139 cdaq_cmd[00769]: DCommand: SCI_HV CMC, 0x000006AC, PRINT.
SEP 30 22:15:35.880.149 cdaq_cmd[00770]: DCommand: SCI_HV CMC, 0x000006AC, PRINT.
SEP 30 22:15:35.880.158 cdaq_cmd[00771]: DCommand: SCI_HV CMC, 0x000006AC, PRINT.
SEP 30 22:15:35.880.168 cdaq_cmd[00772]: DCommand: SCI_HV CMC, 0x000006AC, PRINT.
SEP 30 22:15:35.880.177 cdaq_cmd[00773]: DCommand: SCI_HV CMC, 0x000006AC, PRINT.
SEP 30 22:15:35.880.187 cdaq_cmd[00774]: DCommand: SCI_HV CMC, 0x000006AC, PRINT.
SEP 30 22:15:35.880.197 cdaq_cmd[00775]: DCommand: SCI_HV CMC, 0x000006AC, PRINT.
SEP 30 22:15:35.880.204 cdaq_cmd[00776]: HV Ramping:  1 0854 0000 1 0 0
.
SEP 30 22:15:42.891.967 cdaq_cmd[00777]: DCommand: SCI_HV CMC, 0x000005C4, PRINT.
SEP 30 22:15:42.891.984 cdaq_cmd[00778]: DCommand: SCI_HV CMC, 0x000005C4, PRINT.
SEP 30 22:15:42.891.995 cdaq_cmd[00779]: DCommand: SCI_HV CMC, 0x000005C4, PRINT.
SEP 30 22:15:42.892.005 cdaq_cmd[00780]: DCommand: SCI_HV CMC, 0x000005C4, PRINT.
SEP 30 22:15:42.892.015 cdaq_cmd[00781]: DCommand: SCI_HV CMC, 0x000005C4, PRINT.
SEP 30 22:15:42.892.026 cdaq_cmd[00782]: DCommand: SCI_HV CMC, 0x000005C4, PRINT.
SEP 30 22:15:42.892.036 cdaq_cmd[00783]: DCommand: SCI_HV CMC, 0x000005C4, PRINT.
SEP 30 22:15:42.892.046 cdaq_cmd[00784]: DCommand: SCI_HV CMC, 0x000005C4, PRINT.
SEP 30 22:15:42.892.057 cdaq_cmd[00785]: DCommand: SCI_HV CMC, 0x000005C4, PRINT.
SEP 30 22:15:42.892.067 cdaq_cmd[00786]: DCommand: SCI_HV CMC, 0x000005C4, PRINT.
SEP 30 22:15:42.892.077 cdaq_cmd[00787]: DCommand: SCI_HV CMC, 0x000005C4, PRINT.
SEP 30 22:15:42.892.088 cdaq_cmd[00788]: DCommand: SCI_HV CMC, 0x000005C4, PRINT.
SEP 30 22:15:42.892.098 cdaq_cmd[00789]: DCommand: SCI_HV CMC, 0x000005C4, PRINT.
SEP 30 22:15:42.892.109 cdaq_cmd[00790]: DCommand: SCI_HV CMC, 0x000005C4, PRINT.
SEP 30 22:15:42.892.119 cdaq_cmd[00791]: DCommand: SCI_HV CMC, 0x000005C4, PRINT.
SEP 30 22:15:42.892.129 cdaq_cmd[00792]: DCommand: SCI_HV CMC, 0x000005C4, PRINT.
SEP 30 22:15:42.892.136 cdaq_cmd[00793]: HV Ramping:  1 0738 0000 1 0 0
.
SEP 30 22:15:49.900.876 cdaq_cmd[00794]: DCommand: SCI_HV CMC, 0x000004DC, PRINT.
SEP 30 22:15:49.900.894 cdaq_cmd[00795]: DCommand: SCI_HV CMC, 0x000004DC, PRINT.
SEP 30 22:15:49.900.904 cdaq_cmd[00796]: DCommand: SCI_HV CMC, 0x000004DC, PRINT.
SEP 30 22:15:49.900.914 cdaq_cmd[00797]: DCommand: SCI_HV CMC, 0x000004DC, PRINT.
SEP 30 22:15:49.900.924 cdaq_cmd[00798]: DCommand: SCI_HV CMC, 0x000004DC, PRINT.
SEP 30 22:15:49.900.935 cdaq_cmd[00799]: DCommand: SCI_HV CMC, 0x000004DC, PRINT.
SEP 30 22:15:49.900.945 cdaq_cmd[00800]: DCommand: SCI_HV CMC, 0x000004DC, PRINT.
SEP 30 22:15:49.900.955 cdaq_cmd[00801]: DCommand: SCI_HV CMC, 0x000004DC, PRINT.
SEP 30 22:15:49.900.964 cdaq_cmd[00802]: DCommand: SCI_HV CMC, 0x000004DC, PRINT.
SEP 30 22:15:49.900.974 cdaq_cmd[00803]: DCommand: SCI_HV CMC, 0x000004DC, PRINT.
SEP 30 22:15:49.900.984 cdaq_cmd[00804]: DCommand: SCI_HV CMC, 0x000004DC, PRINT.
SEP 30 22:15:49.900.993 cdaq_cmd[00805]: DCommand: SCI_HV CMC, 0x000004DC, PRINT.
SEP 30 22:15:49.901.003 cdaq_cmd[00806]: DCommand: SCI_HV CMC, 0x000004DC, PRINT.
SEP 30 22:15:49.901.013 cdaq_cmd[00807]: DCommand: SCI_HV CMC, 0x000004DC, PRINT.
SEP 30 22:15:49.901.023 cdaq_cmd[00808]: DCommand: SCI_HV CMC, 0x000004DC, PRINT.
SEP 30 22:15:49.901.032 cdaq_cmd[00809]: DCommand: SCI_HV CMC, 0x000004DC, PRINT.
SEP 30 22:15:49.901.039 cdaq_cmd[00810]: HV Ramping:  1 0622 0000 1 0 0
.
SEP 30 22:15:56.912.828 cdaq_cmd[00811]: DCommand: SCI_HV CMC, 0x000003F4, PRINT.
SEP 30 22:15:56.912.846 cdaq_cmd[00812]: DCommand: SCI_HV CMC, 0x000003F4, PRINT.
SEP 30 22:15:56.912.857 cdaq_cmd[00813]: DCommand: SCI_HV CMC, 0x000003F4, PRINT.
SEP 30 22:15:56.912.868 cdaq_cmd[00814]: DCommand: SCI_HV CMC, 0x000003F4, PRINT.
SEP 30 22:15:56.912.878 cdaq_cmd[00815]: DCommand: SCI_HV CMC, 0x000003F4, PRINT.
SEP 30 22:15:56.912.888 cdaq_cmd[00816]: DCommand: SCI_HV CMC, 0x000003F4, PRINT.
SEP 30 22:15:56.912.898 cdaq_cmd[00817]: DCommand: SCI_HV CMC, 0x000003F4, PRINT.
SEP 30 22:15:56.912.909 cdaq_cmd[00818]: DCommand: SCI_HV CMC, 0x000003F4, PRINT.
SEP 30 22:15:56.912.920 cdaq_cmd[00819]: DCommand: SCI_HV CMC, 0x000003F4, PRINT.
SEP 30 22:15:56.912.930 cdaq_cmd[00820]: DCommand: SCI_HV CMC, 0x000003F4, PRINT.
SEP 30 22:15:56.912.940 cdaq_cmd[00821]: DCommand: SCI_HV CMC, 0x000003F4, PRINT.
SEP 30 22:15:56.912.951 cdaq_cmd[00822]: DCommand: SCI_HV CMC, 0x000003F4, PRINT.
SEP 30 22:15:56.912.961 cdaq_cmd[00823]: DCommand: SCI_HV CMC, 0x000003F4, PRINT.
SEP 30 22:15:56.912.979 cdaq_cmd[00824]: DCommand: SCI_HV CMC, 0x000003F4, PRINT.
SEP 30 22:15:56.912.989 cdaq_cmd[00825]: DCommand: SCI_HV CMC, 0x000003F4, PRINT.
SEP 30 22:15:56.912.999 cdaq_cmd[00826]: DCommand: SCI_HV CMC, 0x000003F4, PRINT.
SEP 30 22:15:56.913.006 cdaq_cmd[00827]: HV Ramping:  1 0506 0000 1 0 0
.
SEP 30 22:16:03.923.766 cdaq_cmd[00828]: DCommand: SCI_HV CMC, 0x0000030C, PRINT.
SEP 30 22:16:03.923.781 cdaq_cmd[00829]: DCommand: SCI_HV CMC, 0x0000030C, PRINT.
SEP 30 22:16:03.923.791 cdaq_cmd[00830]: DCommand: SCI_HV CMC, 0x0000030C, PRINT.
SEP 30 22:16:03.923.801 cdaq_cmd[00831]: DCommand: SCI_HV CMC, 0x0000030C, PRINT.
SEP 30 22:16:03.923.811 cdaq_cmd[00832]: DCommand: SCI_HV CMC, 0x0000030C, PRINT.
SEP 30 22:16:03.923.822 cdaq_cmd[00833]: DCommand: SCI_HV CMC, 0x0000030C, PRINT.
SEP 30 22:16:03.923.833 cdaq_cmd[00834]: DCommand: SCI_HV CMC, 0x0000030C, PRINT.
SEP 30 22:16:03.923.843 cdaq_cmd[00835]: DCommand: SCI_HV CMC, 0x0000030C, PRINT.
SEP 30 22:16:03.923.853 cdaq_cmd[00836]: DCommand: SCI_HV CMC, 0x0000030C, PRINT.
SEP 30 22:16:03.923.864 cdaq_cmd[00837]: DCommand: SCI_HV CMC, 0x0000030C, PRINT.
SEP 30 22:16:03.923.874 cdaq_cmd[00838]: DCommand: SCI_HV CMC, 0x0000030C, PRINT.
SEP 30 22:16:03.923.884 cdaq_cmd[00839]: DCommand: SCI_HV CMC, 0x0000030C, PRINT.
SEP 30 22:16:03.923.895 cdaq_cmd[00840]: DCommand: SCI_HV CMC, 0x0000030C, PRINT.
SEP 30 22:16:03.923.906 cdaq_cmd[00841]: DCommand: SCI_HV CMC, 0x0000030C, PRINT.
SEP 30 22:16:03.923.917 cdaq_cmd[00842]: DCommand: SCI_HV CMC, 0x0000030C, PRINT.
SEP 30 22:16:03.923.927 cdaq_cmd[00843]: DCommand: SCI_HV CMC, 0x0000030C, PRINT.
SEP 30 22:16:03.923.934 cdaq_cmd[00844]: HV Ramping:  1 0390 0000 1 0 0
.
SEP 30 22:16:10.932.694 cdaq_cmd[00845]: DCommand: SCI_HV CMC, 0x00000224, PRINT.
SEP 30 22:16:10.932.712 cdaq_cmd[00846]: DCommand: SCI_HV CMC, 0x00000224, PRINT.
SEP 30 22:16:10.932.722 cdaq_cmd[00847]: DCommand: SCI_HV CMC, 0x00000224, PRINT.
SEP 30 22:16:10.932.731 cdaq_cmd[00848]: DCommand: SCI_HV CMC, 0x00000224, PRINT.
SEP 30 22:16:10.932.741 cdaq_cmd[00849]: DCommand: SCI_HV CMC, 0x00000224, PRINT.
SEP 30 22:16:10.932.751 cdaq_cmd[00850]: DCommand: SCI_HV CMC, 0x00000224, PRINT.
SEP 30 22:16:10.932.761 cdaq_cmd[00851]: DCommand: SCI_HV CMC, 0x00000224, PRINT.
SEP 30 22:16:10.932.771 cdaq_cmd[00852]: DCommand: SCI_HV CMC, 0x00000224, PRINT.
SEP 30 22:16:10.932.781 cdaq_cmd[00853]: DCommand: SCI_HV CMC, 0x00000224, PRINT.
SEP 30 22:16:10.932.791 cdaq_cmd[00854]: DCommand: SCI_HV CMC, 0x00000224, PRINT.
SEP 30 22:16:10.932.801 cdaq_cmd[00855]: DCommand: SCI_HV CMC, 0x00000224, PRINT.
SEP 30 22:16:10.932.811 cdaq_cmd[00856]: DCommand: SCI_HV CMC, 0x00000224, PRINT.
SEP 30 22:16:10.932.821 cdaq_cmd[00857]: DCommand: SCI_HV CMC, 0x00000224, PRINT.
SEP 30 22:16:10.932.830 cdaq_cmd[00858]: DCommand: SCI_HV CMC, 0x00000224, PRINT.
SEP 30 22:16:10.932.840 cdaq_cmd[00859]: DCommand: SCI_HV CMC, 0x00000224, PRINT.
SEP 30 22:16:10.932.850 cdaq_cmd[00860]: DCommand: SCI_HV CMC, 0x00000224, PRINT.
SEP 30 22:16:10.932.857 cdaq_cmd[00861]: HV Ramping:  1 0274 0000 1 0 0
.
SEP 30 22:16:17.944.625 cdaq_cmd[00862]: DCommand: SCI_HV CMC, 0x0000013C, PRINT.
SEP 30 22:16:17.944.642 cdaq_cmd[00863]: DCommand: SCI_HV CMC, 0x0000013C, PRINT.
SEP 30 22:16:17.944.653 cdaq_cmd[00864]: DCommand: SCI_HV CMC, 0x0000013C, PRINT.
SEP 30 22:16:17.944.663 cdaq_cmd[00865]: DCommand: SCI_HV CMC, 0x0000013C, PRINT.
SEP 30 22:16:17.944.674 cdaq_cmd[00866]: DCommand: SCI_HV CMC, 0x0000013C, PRINT.
SEP 30 22:16:17.944.684 cdaq_cmd[00867]: DCommand: SCI_HV CMC, 0x0000013C, PRINT.
SEP 30 22:16:17.944.694 cdaq_cmd[00868]: DCommand: SCI_HV CMC, 0x0000013C, PRINT.
SEP 30 22:16:17.944.704 cdaq_cmd[00869]: DCommand: SCI_HV CMC, 0x0000013C, PRINT.
SEP 30 22:16:17.944.714 cdaq_cmd[00870]: DCommand: SCI_HV CMC, 0x0000013C, PRINT.
SEP 30 22:16:17.944.725 cdaq_cmd[00871]: DCommand: SCI_HV CMC, 0x0000013C, PRINT.
SEP 30 22:16:17.944.735 cdaq_cmd[00872]: DCommand: SCI_HV CMC, 0x0000013C, PRINT.
SEP 30 22:16:17.944.745 cdaq_cmd[00873]: DCommand: SCI_HV CMC, 0x0000013C, PRINT.
SEP 30 22:16:17.944.756 cdaq_cmd[00874]: DCommand: SCI_HV CMC, 0x0000013C, PRINT.
SEP 30 22:16:17.944.766 cdaq_cmd[00875]: DCommand: SCI_HV CMC, 0x0000013C, PRINT.
SEP 30 22:16:17.944.777 cdaq_cmd[00876]: DCommand: SCI_HV CMC, 0x0000013C, PRINT.
SEP 30 22:16:17.944.787 cdaq_cmd[00877]: DCommand: SCI_HV CMC, 0x0000013C, PRINT.
SEP 30 22:16:17.944.794 cdaq_cmd[00878]: HV Ramping:  1 0158 0000 1 0 0
.
SEP 30 22:16:24.956.550 cdaq_cmd[00879]: DCommand: SCI_HV CMC, 0x00000054, PRINT.
SEP 30 22:16:24.956.569 cdaq_cmd[00880]: DCommand: SCI_HV CMC, 0x00000054, PRINT.
SEP 30 22:16:24.956.578 cdaq_cmd[00881]: DCommand: SCI_HV CMC, 0x00000054, PRINT.
SEP 30 22:16:24.956.588 cdaq_cmd[00882]: DCommand: SCI_HV CMC, 0x00000054, PRINT.
SEP 30 22:16:24.956.598 cdaq_cmd[00883]: DCommand: SCI_HV CMC, 0x00000054, PRINT.
SEP 30 22:16:24.956.607 cdaq_cmd[00884]: DCommand: SCI_HV CMC, 0x00000054, PRINT.
SEP 30 22:16:24.956.617 cdaq_cmd[00885]: DCommand: SCI_HV CMC, 0x00000054, PRINT.
SEP 30 22:16:24.956.627 cdaq_cmd[00886]: DCommand: SCI_HV CMC, 0x00000054, PRINT.
SEP 30 22:16:24.956.637 cdaq_cmd[00887]: DCommand: SCI_HV CMC, 0x00000054, PRINT.
SEP 30 22:16:24.956.647 cdaq_cmd[00888]: DCommand: SCI_HV CMC, 0x00000054, PRINT.
SEP 30 22:16:24.956.657 cdaq_cmd[00889]: DCommand: SCI_HV CMC, 0x00000054, PRINT.
SEP 30 22:16:24.956.667 cdaq_cmd[00890]: DCommand: SCI_HV CMC, 0x00000054, PRINT.
SEP 30 22:16:24.956.677 cdaq_cmd[00891]: DCommand: SCI_HV CMC, 0x00000054, PRINT.
SEP 30 22:16:24.956.686 cdaq_cmd[00892]: DCommand: SCI_HV CMC, 0x00000054, PRINT.
SEP 30 22:16:24.956.697 cdaq_cmd[00893]: DCommand: SCI_HV CMC, 0x00000054, PRINT.
SEP 30 22:16:24.956.707 cdaq_cmd[00894]: DCommand: SCI_HV CMC, 0x00000054, PRINT.
SEP 30 22:16:24.956.713 cdaq_cmd[00895]: HV Ramping:  1 0042 0000 1 0 0
.
SEP 30 22:16:27.961.088 cdaq_cmd[00896]: DCommand: SCI_HV CMC, 0x00000000, PRINT.
SEP 30 22:16:27.961.105 cdaq_cmd[00897]: DCommand: SCI_HV CMC, 0x00000000, PRINT.
SEP 30 22:16:27.961.123 cdaq_cmd[00898]: DCommand: SCI_HV CMC, 0x00000000, PRINT.
SEP 30 22:16:27.961.133 cdaq_cmd[00899]: DCommand: SCI_HV CMC, 0x00000000, PRINT.
SEP 30 22:16:27.961.143 cdaq_cmd[00900]: DCommand: SCI_HV CMC, 0x00000000, PRINT.
SEP 30 22:16:27.961.154 cdaq_cmd[00901]: DCommand: SCI_HV CMC, 0x00000000, PRINT.
SEP 30 22:16:27.961.166 cdaq_cmd[00902]: DCommand: SCI_HV CMC, 0x00000000, PRINT.
SEP 30 22:16:27.961.176 cdaq_cmd[00903]: DCommand: SCI_HV CMC, 0x00000000, PRINT.
SEP 30 22:16:27.961.186 cdaq_cmd[00904]: DCommand: SCI_HV CMC, 0x00000000, PRINT.
SEP 30 22:16:27.961.197 cdaq_cmd[00905]: DCommand: SCI_HV CMC, 0x00000000, PRINT.
SEP 30 22:16:27.961.207 cdaq_cmd[00906]: DCommand: SCI_HV CMC, 0x00000000, PRINT.
SEP 30 22:16:27.961.217 cdaq_cmd[00907]: DCommand: SCI_HV CMC, 0x00000000, PRINT.
SEP 30 22:16:27.961.228 cdaq_cmd[00908]: DCommand: SCI_HV CMC, 0x00000000, PRINT.
SEP 30 22:16:27.961.239 cdaq_cmd[00909]: DCommand: SCI_HV CMC, 0x00000000, PRINT.
SEP 30 22:16:27.961.249 cdaq_cmd[00910]: DCommand: SCI_HV CMC, 0x00000000, PRINT.
SEP 30 22:16:27.961.259 cdaq_cmd[00911]: DCommand: SCI_HV CMC, 0x00000000, PRINT.
SEP 30 22:16:27.961.267 cdaq_cmd[00912]: HV Ramping:  1 0000 0000 1 0 0
.
SEP 30 22:16:56.917.650 cdaq_cmd[00913]: SCI_HV CAL, 0x0FFFF000, DELAY = 10.
SEP 30 22:16:56.917.672 cdaq_cmd[00914]: High-voltage ramping delay factor: cal 10.
SEP 30 22:17:02.317.267 cdaq_cmd[00915]: SCI_HV CAL, 0x0FFFF000, MINSTEP = 112.
SEP 30 22:17:02.317.288 cdaq_cmd[00916]: High-voltage minimum stepping size: cal 112.
SEP 30 22:17:09.821.684 cdaq_cmd[00917]: SCI_HV_LEVEL CAL, 0x0FFFF000, 0.
SEP 30 22:18:25.509.141 cdaq_cmd[00918]: SCI_BIAS SCD1, 0x0FFF7FF8, OFF.
SEP 30 22:19:07.904.670 cdaq_cmd[00919]: SCI_PROCESS EVT, 14, 0.
SEP 30 22:19:07.904.691 cdaq_cmd[00920]: cmd_daq_reset: restarting EVT.
SEP 30 22:19:07.904.697 cdaq_cmd[00921]: Sending SIGTERM to cdaq_evt ...
SEP 30 22:19:07.904.738 cdaq_evt[00335]: caught signal 15; shutting down.
SEP 30 22:19:07.904.756 cdaq_evt[00336]: Signal in /cdaq/src/server/cdaq_evt.cpp.
SEP 30 22:19:07.928.703 cdaq_cmd[00922]: termination of child.
SEP 30 22:19:07.928.731 cdaq_cmd[00923]: resuming.
SEP 30 22:19:07.928.739 cdaq_cmd[00924]: Starting cdaq_evt ...
SEP 30 22:19:07.930.889 cdaq_evt[00000]: This is CDAQ_EVT (Version 1.10).
SEP 30 22:19:07.948.573 cdaq_evt[00001]: cleared master trigger board.
SEP 30 22:19:07.948.589 cdaq_evt[00002]: reset command box: not implemented.
SEP 30 22:19:07.948.595 cdaq_evt[00003]: reset hk board: not implemented.
SEP 30 22:19:08.767.930 cdaq_evt[00004]: SprsBox[C]: garbage data is cleared.
SEP 30 22:19:09.430.827 cdaq_evt[00005]: SprsBox[T]: garbage data is cleared.
SEP 30 22:19:10.117.723 cdaq_evt[00006]: SprsBox[1]: garbage data is cleared.
SEP 30 22:19:10.843.612 cdaq_evt[00007]: SprsBox[2]: garbage data is cleared.
SEP 30 22:19:11.573.501 cdaq_evt[00008]: SprsBox[3]: garbage data is cleared.
SEP 30 22:19:12.327.384 cdaq_evt[00009]: SprsBox[4]: garbage data is cleared.
SEP 30 22:19:12.581.092 cdaq_evt[00010]: BSD:ready to go.
SEP 30 22:19:12.581.127 cdaq_evt[00011]: dispatch: 60430A0A00000001.
SEP 30 22:19:12.588.964 cdaq_evt[00012]: dispatch: 60430C0200000000.
SEP 30 22:19:12.591.991 cdaq_evt[00013]: ready to go.
SEP 30 22:19:12.592.016 cdaq_evt[00014]: dispatch: 6043011600000D12.
SEP 30 22:19:12.593.100 cdaq_evt[00015]: dispatch: 6043021600000D12.
SEP 30 22:19:12.594.224 cdaq_evt[00016]: dispatch: 6043031600000D12.
SEP 30 22:19:12.595.349 cdaq_evt[00017]: dispatch: 6043041600000D12.
SEP 30 22:19:12.596.474 cdaq_evt[00018]: dispatch: 6043051600000D12.
SEP 30 22:19:12.597.598 cdaq_evt[00019]: dispatch: 6043061600000D12.
SEP 30 22:19:12.598.724 cdaq_evt[00020]: dispatch: 6043071600000D12.
SEP 30 22:19:12.599.848 cdaq_evt[00021]: dispatch: 6043081600000D12.
SEP 30 22:19:12.600.984 cdaq_evt[00022]: dispatch: 6043011A00000D12.
SEP 30 22:19:12.601.998 cdaq_evt[00023]: dispatch: 6043021A00000D12.
SEP 30 22:19:12.603.097 cdaq_evt[00024]: dispatch: 6043031A00000D12.
SEP 30 22:19:12.604.222 cdaq_evt[00025]: dispatch: 6043041A00000D12.
SEP 30 22:19:12.605.473 cdaq_evt[00026]: dispatch: 6043051A00000D12.
SEP 30 22:19:12.606.597 cdaq_evt[00027]: dispatch: 6043061A00000D12.
SEP 30 22:19:12.607.723 cdaq_evt[00028]: dispatch: 6043071A00000D12.
SEP 30 22:19:12.608.847 cdaq_evt[00029]: dispatch: 6043081A00000D12.
SEP 30 22:19:12.609.989 cdaq_evt[00030]: dispatch: 6043011600000C2A.
SEP 30 22:19:12.611.221 cdaq_evt[00031]: dispatch: 6043021600000C2A.
SEP 30 22:19:12.612.347 cdaq_evt[00032]: dispatch: 6043031600000C2A.
SEP 30 22:19:12.613.470 cdaq_evt[00033]: dispatch: 6043041600000C2A.
SEP 30 22:19:12.614.635 cdaq_evt[00034]: dispatch: 6043051600000C2A.
SEP 30 22:19:12.615.846 cdaq_evt[00035]: dispatch: 6043061600000C2A.
SEP 30 22:19:12.617.001 cdaq_evt[00036]: dispatch: 6043071600000C2A.
SEP 30 22:19:12.618.095 cdaq_evt[00037]: dispatch: 6043081600000C2A.
SEP 30 22:19:12.619.221 cdaq_evt[00038]: dispatch: 6043011A00000C2A.
SEP 30 22:19:12.620.344 cdaq_evt[00039]: dispatch: 6043021A00000C2A.
SEP 30 22:19:12.621.469 cdaq_evt[00040]: dispatch: 6043031A00000C2A.
SEP 30 22:19:12.622.594 cdaq_evt[00041]: dispatch: 6043041A00000C2A.
SEP 30 22:19:12.623.719 cdaq_evt[00042]: dispatch: 6043051A00000C2A.
SEP 30 22:19:12.624.844 cdaq_evt[00043]: dispatch: 6043061A00000C2A.
SEP 30 22:19:12.627.006 cdaq_evt[00044]: dispatch: 6043071A00000C2A.
SEP 30 22:19:12.628.094 cdaq_evt[00045]: dispatch: 6043081A00000C2A.
SEP 30 22:19:12.629.218 cdaq_evt[00046]: dispatch: 6043011600000B42.
SEP 30 22:19:12.630.343 cdaq_evt[00047]: dispatch: 6043021600000B42.
SEP 30 22:19:12.631.468 cdaq_evt[00048]: dispatch: 6043031600000B42.
SEP 30 22:19:12.632.593 cdaq_evt[00049]: dispatch: 6043041600000B42.
SEP 30 22:19:12.633.719 cdaq_evt[00050]: dispatch: 6043051600000B42.
SEP 30 22:19:12.634.842 cdaq_evt[00051]: dispatch: 6043061600000B42.
SEP 30 22:19:12.637.003 cdaq_evt[00052]: dispatch: 6043071600000B42.
SEP 30 22:19:12.638.217 cdaq_evt[00053]: dispatch: 6043081600000B42.
SEP 30 22:19:12.639.342 cdaq_evt[00054]: dispatch: 6043011A00000B42.
SEP 30 22:19:12.640.468 cdaq_evt[00055]: dispatch: 6043021A00000B42.
SEP 30 22:19:12.641.593 cdaq_evt[00056]: dispatch: 6043031A00000B42.
SEP 30 22:19:12.642.716 cdaq_evt[00057]: dispatch: 6043041A00000B42.
SEP 30 22:19:12.643.842 cdaq_evt[00058]: dispatch: 6043051A00000B42.
SEP 30 22:19:12.644.972 cdaq_evt[00059]: dispatch: 6043061A00000B42.
SEP 30 22:19:12.646.989 cdaq_evt[00060]: dispatch: 6043071A00000B42.
SEP 30 22:19:12.648.216 cdaq_evt[00061]: dispatch: 6043081A00000B42.
SEP 30 22:19:12.649.341 cdaq_evt[00062]: dispatch: 6043011600000A5A.
SEP 30 22:19:12.650.466 cdaq_evt[00063]: dispatch: 6043021600000A5A.
SEP 30 22:19:12.651.591 cdaq_evt[00064]: dispatch: 6043031600000A5A.
SEP 30 22:19:12.652.714 cdaq_evt[00065]: dispatch: 6043041600000A5A.
SEP 30 22:19:12.653.839 cdaq_evt[00066]: dispatch: 6043051600000A5A.
SEP 30 22:19:12.654.997 cdaq_evt[00067]: dispatch: 6043061600000A5A.
SEP 30 22:19:12.656.089 cdaq_evt[00068]: dispatch: 6043071600000A5A.
SEP 30 22:19:12.657.215 cdaq_evt[00069]: dispatch: 6043081600000A5A.
SEP 30 22:19:12.658.339 cdaq_evt[00070]: dispatch: 6043011A00000A5A.
SEP 30 22:19:12.659.463 cdaq_evt[00071]: dispatch: 6043021A00000A5A.
SEP 30 22:19:12.660.589 cdaq_evt[00072]: dispatch: 6043031A00000A5A.
SEP 30 22:19:12.661.714 cdaq_evt[00073]: dispatch: 6043041A00000A5A.
SEP 30 22:19:12.662.838 cdaq_evt[00074]: dispatch: 6043051A00000A5A.
SEP 30 22:19:12.663.982 cdaq_evt[00075]: dispatch: 6043061A00000A5A.
SEP 30 22:19:12.665.087 cdaq_evt[00076]: dispatch: 6043071A00000A5A.
SEP 30 22:19:12.666.213 cdaq_evt[00077]: dispatch: 6043081A00000A5A.
SEP 30 22:19:12.667.337 cdaq_evt[00078]: dispatch: 6043011600000972.
SEP 30 22:19:12.668.463 cdaq_evt[00079]: dispatch: 6043021600000972.
SEP 30 22:19:12.669.587 cdaq_evt[00080]: dispatch: 6043031600000972.
SEP 30 22:19:12.670.712 cdaq_evt[00081]: dispatch: 6043041600000972.
SEP 30 22:19:12.671.837 cdaq_evt[00082]: dispatch: 6043051600000972.
SEP 30 22:19:12.672.992 cdaq_evt[00083]: dispatch: 6043061600000972.
SEP 30 22:19:12.674.211 cdaq_evt[00084]: dispatch: 6043071600000972.
SEP 30 22:19:12.675.461 cdaq_evt[00085]: dispatch: 6043081600000972.
SEP 30 22:19:12.676.588 cdaq_evt[00086]: dispatch: 6043011A00000972.
SEP 30 22:19:12.677.711 cdaq_evt[00087]: dispatch: 6043021A00000972.
SEP 30 22:19:12.678.835 cdaq_evt[00088]: dispatch: 6043031A00000972.
SEP 30 22:19:12.679.980 cdaq_evt[00089]: dispatch: 6043041A00000972.
SEP 30 22:19:12.681.086 cdaq_evt[00090]: dispatch: 6043051A00000972.
SEP 30 22:19:12.682.211 cdaq_evt[00091]: dispatch: 6043061A00000972.
SEP 30 22:19:12.683.335 cdaq_evt[00092]: dispatch: 6043071A00000972.
SEP 30 22:19:12.684.461 cdaq_evt[00093]: dispatch: 6043081A00000972.
SEP 30 22:19:12.685.711 cdaq_evt[00094]: dispatch: 604301160000088A.
SEP 30 22:19:12.686.834 cdaq_evt[00095]: dispatch: 604302160000088A.
SEP 30 22:19:12.688.996 cdaq_evt[00096]: dispatch: 604303160000088A.
SEP 30 22:19:12.690.210 cdaq_evt[00097]: dispatch: 604304160000088A.
SEP 30 22:19:12.691.335 cdaq_evt[00098]: dispatch: 604305160000088A.
SEP 30 22:19:12.692.458 cdaq_evt[00099]: dispatch: 604306160000088A.
SEP 30 22:19:12.693.709 cdaq_evt[00100]: dispatch: 604307160000088A.
SEP 30 22:19:12.694.834 cdaq_evt[00101]: dispatch: 604308160000088A.
SEP 30 22:19:12.695.972 cdaq_evt[00102]: dispatch: 6043011A0000088A.
SEP 30 22:19:12.697.083 cdaq_evt[00103]: dispatch: 6043021A0000088A.
SEP 30 22:19:12.698.207 cdaq_evt[00104]: dispatch: 6043031A0000088A.
SEP 30 22:19:12.699.332 cdaq_evt[00105]: dispatch: 6043041A0000088A.
SEP 30 22:19:12.700.458 cdaq_evt[00106]: dispatch: 6043051A0000088A.
SEP 30 22:19:12.701.583 cdaq_evt[00107]: dispatch: 6043061A0000088A.
SEP 30 22:19:12.702.707 cdaq_evt[00108]: dispatch: 6043071A0000088A.
SEP 30 22:19:12.703.832 cdaq_evt[00109]: dispatch: 6043081A0000088A.
SEP 30 22:19:12.704.996 cdaq_evt[00110]: dispatch: 60430116000007A2.
SEP 30 22:19:12.706.207 cdaq_evt[00111]: dispatch: 60430216000007A2.
SEP 30 22:19:12.707.332 cdaq_evt[00112]: dispatch: 60430316000007A2.
SEP 30 22:19:12.708.457 cdaq_evt[00113]: dispatch: 60430416000007A2.
SEP 30 22:19:12.709.581 cdaq_evt[00114]: dispatch: 60430516000007A2.
SEP 30 22:19:12.710.706 cdaq_evt[00115]: dispatch: 60430616000007A2.
SEP 30 22:19:12.711.831 cdaq_evt[00116]: dispatch: 60430716000007A2.
SEP 30 22:19:12.712.966 cdaq_evt[00117]: dispatch: 60430816000007A2.
SEP 30 22:19:12.714.080 cdaq_evt[00118]: dispatch: 6043011A000007A2.
SEP 30 22:19:12.715.330 cdaq_evt[00119]: dispatch: 6043021A000007A2.
SEP 30 22:19:12.716.456 cdaq_evt[00120]: dispatch: 6043031A000007A2.
SEP 30 22:19:12.717.580 cdaq_evt[00121]: dispatch: 6043041A000007A2.
SEP 30 22:19:12.718.705 cdaq_evt[00122]: dispatch: 6043051A000007A2.
SEP 30 22:19:12.719.829 cdaq_evt[00123]: dispatch: 6043061A000007A2.
SEP 30 22:19:12.720.961 cdaq_evt[00124]: dispatch: 6043071A000007A2.
SEP 30 22:19:12.722.081 cdaq_evt[00125]: dispatch: 6043081A000007A2.
SEP 30 22:19:12.723.205 cdaq_evt[00126]: dispatch: 60430116000006BA.
SEP 30 22:19:12.724.330 cdaq_evt[00127]: dispatch: 60430216000006BA.
SEP 30 22:19:12.725.582 cdaq_evt[00128]: dispatch: 60430316000006BA.
SEP 30 22:19:12.726.704 cdaq_evt[00129]: dispatch: 60430416000006BA.
SEP 30 22:19:12.727.829 cdaq_evt[00130]: dispatch: 60430516000006BA.
SEP 30 22:19:12.728.963 cdaq_evt[00131]: dispatch: 60430616000006BA.
SEP 30 22:19:12.729.971 cdaq_evt[00132]: dispatch: 60430716000006BA.
SEP 30 22:19:12.731.079 cdaq_evt[00133]: dispatch: 60430816000006BA.
SEP 30 22:19:12.732.203 cdaq_evt[00134]: dispatch: 6043011A000006BA.
SEP 30 22:19:12.733.328 cdaq_evt[00135]: dispatch: 6043021A000006BA.
SEP 30 22:19:12.734.452 cdaq_evt[00136]: dispatch: 6043031A000006BA.
SEP 30 22:19:12.735.702 cdaq_evt[00137]: dispatch: 6043041A000006BA.
SEP 30 22:19:12.736.828 cdaq_evt[00138]: dispatch: 6043051A000006BA.
SEP 30 22:19:12.737.972 cdaq_evt[00139]: dispatch: 6043061A000006BA.
SEP 30 22:19:12.739.078 cdaq_evt[00140]: dispatch: 6043071A000006BA.
SEP 30 22:19:12.740.202 cdaq_evt[00141]: dispatch: 6043081A000006BA.
SEP 30 22:19:12.741.326 cdaq_evt[00142]: dispatch: 60430116000005D2.
SEP 30 22:19:12.742.451 cdaq_evt[00143]: dispatch: 60430216000005D2.
SEP 30 22:19:12.743.575 cdaq_evt[00144]: dispatch: 60430316000005D2.
SEP 30 22:19:12.744.701 cdaq_evt[00145]: dispatch: 60430416000005D2.
SEP 30 22:19:12.745.826 cdaq_evt[00146]: dispatch: 60430516000005D2.
SEP 30 22:19:12.746.981 cdaq_evt[00147]: dispatch: 60430616000005D2.
SEP 30 22:19:12.748.200 cdaq_evt[00148]: dispatch: 60430716000005D2.
SEP 30 22:19:12.749.326 cdaq_evt[00149]: dispatch: 60430816000005D2.
SEP 30 22:19:12.750.450 cdaq_evt[00150]: dispatch: 6043011A000005D2.
SEP 30 22:19:12.751.574 cdaq_evt[00151]: dispatch: 6043021A000005D2.
SEP 30 22:19:12.752.700 cdaq_evt[00152]: dispatch: 6043031A000005D2.
SEP 30 22:19:12.753.824 cdaq_evt[00153]: dispatch: 6043041A000005D2.
SEP 30 22:19:12.754.981 cdaq_evt[00154]: dispatch: 6043051A000005D2.
SEP 30 22:19:12.756.075 cdaq_evt[00155]: dispatch: 6043061A000005D2.
SEP 30 22:19:12.757.198 cdaq_evt[00156]: dispatch: 6043071A000005D2.
SEP 30 22:19:12.758.324 cdaq_evt[00157]: dispatch: 6043081A000005D2.
SEP 30 22:19:12.759.448 cdaq_evt[00158]: dispatch: 60430116000004EA.
SEP 30 22:19:12.760.574 cdaq_evt[00159]: dispatch: 60430216000004EA.
SEP 30 22:19:12.761.698 cdaq_evt[00160]: dispatch: 60430316000004EA.
SEP 30 22:19:12.762.824 cdaq_evt[00161]: dispatch: 60430416000004EA.
SEP 30 22:19:12.763.969 cdaq_evt[00162]: dispatch: 60430516000004EA.
SEP 30 22:19:12.765.070 cdaq_evt[00163]: dispatch: 60430616000004EA.
SEP 30 22:19:12.766.197 cdaq_evt[00164]: dispatch: 60430716000004EA.
SEP 30 22:19:12.767.322 cdaq_evt[00165]: dispatch: 60430816000004EA.
SEP 30 22:19:12.768.448 cdaq_evt[00166]: dispatch: 6043011A000004EA.
SEP 30 22:19:12.769.572 cdaq_evt[00167]: dispatch: 6043021A000004EA.
SEP 30 22:19:12.770.697 cdaq_evt[00168]: dispatch: 6043031A000004EA.
SEP 30 22:19:12.771.823 cdaq_evt[00169]: dispatch: 6043041A000004EA.
SEP 30 22:19:12.772.957 cdaq_evt[00170]: dispatch: 6043051A000004EA.
SEP 30 22:19:12.774.197 cdaq_evt[00171]: dispatch: 6043061A000004EA.
SEP 30 22:19:12.775.447 cdaq_evt[00172]: dispatch: 6043071A000004EA.
SEP 30 22:19:12.776.571 cdaq_evt[00173]: dispatch: 6043081A000004EA.
SEP 30 22:19:12.777.696 cdaq_evt[00174]: dispatch: 6043011600000402.
SEP 30 22:19:12.778.820 cdaq_evt[00175]: dispatch: 6043021600000402.
SEP 30 22:19:12.779.965 cdaq_evt[00176]: dispatch: 6043031600000402.
SEP 30 22:19:12.781.070 cdaq_evt[00177]: dispatch: 6043041600000402.
SEP 30 22:19:12.782.195 cdaq_evt[00178]: dispatch: 6043051600000402.
SEP 30 22:19:12.783.320 cdaq_evt[00179]: dispatch: 6043061600000402.
SEP 30 22:19:12.784.445 cdaq_evt[00180]: dispatch: 6043071600000402.
SEP 30 22:19:12.785.694 cdaq_evt[00181]: dispatch: 6043081600000402.
SEP 30 22:19:12.786.821 cdaq_evt[00182]: dispatch: 6043011A00000402.
SEP 30 22:19:12.788.978 cdaq_evt[00183]: dispatch: 6043021A00000402.
SEP 30 22:19:12.790.193 cdaq_evt[00184]: dispatch: 6043031A00000402.
SEP 30 22:19:12.791.319 cdaq_evt[00185]: dispatch: 6043041A00000402.
SEP 30 22:19:12.792.444 cdaq_evt[00186]: dispatch: 6043051A00000402.
SEP 30 22:19:12.793.569 cdaq_evt[00187]: dispatch: 6043061A00000402.
SEP 30 22:19:12.794.694 cdaq_evt[00188]: dispatch: 6043071A00000402.
SEP 30 22:19:12.795.818 cdaq_evt[00189]: dispatch: 6043081A00000402.
SEP 30 22:19:12.796.950 cdaq_evt[00190]: dispatch: 604301160000031A.
SEP 30 22:19:12.797.959 cdaq_evt[00191]: dispatch: 604302160000031A.
SEP 30 22:19:12.799.068 cdaq_evt[00192]: dispatch: 604303160000031A.
SEP 30 22:19:12.800.193 cdaq_evt[00193]: dispatch: 604304160000031A.
SEP 30 22:19:12.801.317 cdaq_evt[00194]: dispatch: 604305160000031A.
SEP 30 22:19:12.802.442 cdaq_evt[00195]: dispatch: 604306160000031A.
SEP 30 22:19:12.803.567 cdaq_evt[00196]: dispatch: 604307160000031A.
SEP 30 22:19:12.804.691 cdaq_evt[00197]: dispatch: 604308160000031A.
SEP 30 22:19:12.805.816 cdaq_evt[00198]: dispatch: 6043011A0000031A.
SEP 30 22:19:12.806.951 cdaq_evt[00199]: dispatch: 6043021A0000031A.
SEP 30 22:19:12.807.951 cdaq_evt[00200]: dispatch: 6043031A0000031A.
SEP 30 22:19:12.808.983 cdaq_evt[00201]: dispatch: 6043041A0000031A.
SEP 30 22:19:12.810.191 cdaq_evt[00202]: dispatch: 6043051A0000031A.
SEP 30 22:19:12.811.315 cdaq_evt[00203]: dispatch: 6043061A0000031A.
SEP 30 22:19:12.812.440 cdaq_evt[00204]: dispatch: 6043071A0000031A.
SEP 30 22:19:12.813.565 cdaq_evt[00205]: dispatch: 6043081A0000031A.
SEP 30 22:19:12.814.690 cdaq_evt[00206]: dispatch: 6043011600000232.
SEP 30 22:19:12.815.816 cdaq_evt[00207]: dispatch: 6043021600000232.
SEP 30 22:19:12.816.947 cdaq_evt[00208]: dispatch: 6043031600000232.
SEP 30 22:19:12.817.958 cdaq_evt[00209]: dispatch: 6043041600000232.
SEP 30 22:19:12.819.065 cdaq_evt[00210]: dispatch: 6043051600000232.
SEP 30 22:19:12.820.190 cdaq_evt[00211]: dispatch: 6043061600000232.
SEP 30 22:19:12.821.314 cdaq_evt[00212]: dispatch: 6043071600000232.
SEP 30 22:19:12.822.439 cdaq_evt[00213]: dispatch: 6043081600000232.
SEP 30 22:19:12.823.564 cdaq_evt[00214]: dispatch: 6043011A00000232.
SEP 30 22:19:12.824.688 cdaq_evt[00215]: dispatch: 6043021A00000232.
SEP 30 22:19:12.825.813 cdaq_evt[00216]: dispatch: 6043031A00000232.
SEP 30 22:19:12.826.947 cdaq_evt[00217]: dispatch: 6043041A00000232.
SEP 30 22:19:12.827.969 cdaq_evt[00218]: dispatch: 6043051A00000232.
SEP 30 22:19:12.829.064 cdaq_evt[00219]: dispatch: 6043061A00000232.
SEP 30 22:19:12.830.188 cdaq_evt[00220]: dispatch: 6043071A00000232.
SEP 30 22:19:12.831.313 cdaq_evt[00221]: dispatch: 6043081A00000232.
SEP 30 22:19:12.832.437 cdaq_evt[00222]: dispatch: 604301160000014A.
SEP 30 22:19:12.833.562 cdaq_evt[00223]: dispatch: 604302160000014A.
SEP 30 22:19:12.834.687 cdaq_evt[00224]: dispatch: 604303160000014A.
SEP 30 22:19:12.835.812 cdaq_evt[00225]: dispatch: 604304160000014A.
SEP 30 22:19:12.836.945 cdaq_evt[00226]: dispatch: 604305160000014A.
SEP 30 22:19:12.837.949 cdaq_evt[00227]: dispatch: 604306160000014A.
SEP 30 22:19:12.839.146 cdaq_evt[00228]: dispatch: 604307160000014A.
SEP 30 22:19:12.840.312 cdaq_evt[00229]: dispatch: 604308160000014A.
SEP 30 22:19:12.841.436 cdaq_evt[00230]: dispatch: 6043011A0000014A.
SEP 30 22:19:12.842.562 cdaq_evt[00231]: dispatch: 6043021A0000014A.
SEP 30 22:19:12.843.686 cdaq_evt[00232]: dispatch: 6043031A0000014A.
SEP 30 22:19:12.844.810 cdaq_evt[00233]: dispatch: 6043041A0000014A.
SEP 30 22:19:12.845.951 cdaq_evt[00234]: dispatch: 6043051A0000014A.
SEP 30 22:19:12.847.060 cdaq_evt[00235]: dispatch: 6043061A0000014A.
SEP 30 22:19:12.848.185 cdaq_evt[00236]: dispatch: 6043071A0000014A.
SEP 30 22:19:12.849.309 cdaq_evt[00237]: dispatch: 6043081A0000014A.
SEP 30 22:19:12.850.434 cdaq_evt[00238]: dispatch: 6043011600000062.
SEP 30 22:19:12.851.561 cdaq_evt[00239]: dispatch: 6043021600000062.
SEP 30 22:19:12.852.684 cdaq_evt[00240]: dispatch: 6043031600000062.
SEP 30 22:19:12.853.809 cdaq_evt[00241]: dispatch: 6043041600000062.
SEP 30 22:19:12.854.972 cdaq_evt[00242]: dispatch: 6043051600000062.
SEP 30 22:19:12.856.184 cdaq_evt[00243]: dispatch: 6043061600000062.
SEP 30 22:19:12.857.309 cdaq_evt[00244]: dispatch: 6043071600000062.
SEP 30 22:19:12.858.433 cdaq_evt[00245]: dispatch: 6043081600000062.
SEP 30 22:19:12.859.559 cdaq_evt[00246]: dispatch: 6043011A00000062.
SEP 30 22:19:12.860.684 cdaq_evt[00247]: dispatch: 6043021A00000062.
SEP 30 22:19:12.861.808 cdaq_evt[00248]: dispatch: 6043031A00000062.
SEP 30 22:19:12.862.942 cdaq_evt[00249]: dispatch: 6043041A00000062.
SEP 30 22:19:12.864.058 cdaq_evt[00250]: dispatch: 6043051A00000062.
SEP 30 22:19:12.865.309 cdaq_evt[00251]: dispatch: 6043061A00000062.
SEP 30 22:19:12.866.433 cdaq_evt[00252]: dispatch: 6043071A00000062.
SEP 30 22:19:12.867.558 cdaq_evt[00253]: dispatch: 6043081A00000062.
SEP 30 22:19:12.868.682 cdaq_evt[00254]: dispatch: 6043011600000000.
SEP 30 22:19:12.869.806 cdaq_evt[00255]: dispatch: 6043021600000000.
SEP 30 22:19:12.871.182 cdaq_evt[00256]: dispatch: 6043031600000000.
SEP 30 22:19:12.872.307 cdaq_evt[00257]: dispatch: 6043041600000000.
SEP 30 22:19:12.873.431 cdaq_evt[00258]: dispatch: 6043051600000000.
SEP 30 22:19:12.874.562 cdaq_evt[00259]: dispatch: 6043061600000000.
SEP 30 22:19:12.875.681 cdaq_evt[00260]: dispatch: 6043071600000000.
SEP 30 22:19:12.876.806 cdaq_evt[00261]: dispatch: 6043081600000000.
SEP 30 22:19:12.877.954 cdaq_evt[00262]: dispatch: 6043011A00000000.
SEP 30 22:19:12.879.055 cdaq_evt[00263]: dispatch: 6043021A00000000.
SEP 30 22:19:12.880.180 cdaq_evt[00264]: dispatch: 6043031A00000000.
SEP 30 22:19:12.881.305 cdaq_evt[00265]: dispatch: 6043041A00000000.
SEP 30 22:19:12.882.430 cdaq_evt[00266]: dispatch: 6043051A00000000.
SEP 30 22:19:12.883.558 cdaq_evt[00267]: dispatch: 6043061A00000000.
SEP 30 22:19:12.884.681 cdaq_evt[00268]: dispatch: 6043071A00000000.
SEP 30 22:19:12.885.804 cdaq_evt[00269]: dispatch: 6043081A00000000.
SEP 30 22:19:12.886.937 cdaq_evt[00270]: Ground WatchDog Received.
SEP 30 22:19:12.888.953 cdaq_evt[00271]: dispatch: 6043011500000001.
SEP 30 22:19:12.890.053 cdaq_evt[00272]: dispatch: 6043011600000C1C.
SEP 30 22:19:12.891.178 cdaq_evt[00273]: dispatch: 6043021500000001.
SEP 30 22:19:12.892.303 cdaq_evt[00274]: dispatch: 6043021600000C1C.
SEP 30 22:19:12.893.428 cdaq_evt[00275]: dispatch: 6043031500000001.
SEP 30 22:19:12.894.552 cdaq_evt[00276]: dispatch: 6043031600000C1C.
SEP 30 22:19:12.895.678 cdaq_evt[00277]: dispatch: 6043041500000001.
SEP 30 22:19:12.896.802 cdaq_evt[00278]: dispatch: 6043041600000C1C.
SEP 30 22:19:12.898.963 cdaq_evt[00279]: dispatch: 6043051500000001.
SEP 30 22:19:12.900.177 cdaq_evt[00280]: dispatch: 6043051600000C1C.
SEP 30 22:19:12.901.427 cdaq_evt[00281]: dispatch: 6043061500000001.
SEP 30 22:19:12.902.553 cdaq_evt[00282]: dispatch: 6043061600000C1C.
SEP 30 22:19:12.903.676 cdaq_evt[00283]: dispatch: 6043071500000001.
SEP 30 22:19:12.904.801 cdaq_evt[00284]: dispatch: 6043071600000C1C.
SEP 30 22:19:12.906.962 cdaq_evt[00285]: dispatch: 6043081500000001.
SEP 30 22:19:12.908.051 cdaq_evt[00286]: dispatch: 6043081600000C1C.
SEP 30 22:19:12.909.175 cdaq_evt[00287]: dispatch: 6043011B00000001.
SEP 30 22:19:12.910.300 cdaq_evt[00288]: dispatch: 6043011A00000C1C.
SEP 30 22:19:12.911.425 cdaq_evt[00289]: dispatch: 6043021B00000001.
SEP 30 22:19:12.912.550 cdaq_evt[00290]: dispatch: 6043021A00000C1C.
SEP 30 22:19:12.913.675 cdaq_evt[00291]: dispatch: 6043031B00000001.
SEP 30 22:19:12.914.799 cdaq_evt[00292]: dispatch: 6043031A00000C1C.
SEP 30 22:19:12.915.913 cdaq_evt[00293]: dispatch: 6043041B00000001.
SEP 30 22:19:12.916.951 cdaq_evt[00294]: dispatch: 6043041A00000C1C.
SEP 30 22:19:12.918.049 cdaq_evt[00295]: dispatch: 6043051B00000001.
SEP 30 22:19:12.919.174 cdaq_evt[00296]: dispatch: 6043051A00000C1C.
SEP 30 22:19:12.920.299 cdaq_evt[00297]: dispatch: 6043061B00000001.
SEP 30 22:19:12.921.424 cdaq_evt[00298]: dispatch: 6043061A00000C1C.
SEP 30 22:19:12.922.549 cdaq_evt[00299]: dispatch: 6043071B00000001.
SEP 30 22:19:12.923.674 cdaq_evt[00300]: dispatch: 6043071A00000C1C.
SEP 30 22:19:12.924.799 cdaq_evt[00301]: dispatch: 6043081B00000001.
SEP 30 22:19:12.926.962 cdaq_evt[00302]: dispatch: 6043081A00000C1C.
SEP 30 22:19:12.928.049 cdaq_evt[00303]: dispatch: 6043011600000B34.
SEP 30 22:19:12.929.172 cdaq_evt[00304]: dispatch: 6043021600000B34.
SEP 30 22:19:12.930.297 cdaq_evt[00305]: dispatch: 6043031600000B34.
SEP 30 22:19:12.931.422 cdaq_evt[00306]: dispatch: 6043041600000B34.
SEP 30 22:19:12.932.546 cdaq_evt[00307]: dispatch: 6043051600000B34.
SEP 30 22:19:12.933.672 cdaq_evt[00308]: dispatch: 6043061600000B34.
SEP 30 22:19:12.934.797 cdaq_evt[00309]: dispatch: 6043071600000B34.
SEP 30 22:19:12.935.934 cdaq_evt[00310]: dispatch: 6043081600000B34.
SEP 30 22:19:12.937.047 cdaq_evt[00311]: dispatch: 6043011A00000B34.
SEP 30 22:19:12.938.171 cdaq_evt[00312]: dispatch: 6043021A00000B34.
SEP 30 22:19:12.939.297 cdaq_evt[00313]: dispatch: 6043031A00000B34.
SEP 30 22:19:12.940.421 cdaq_evt[00314]: dispatch: 6043041A00000B34.
SEP 30 22:19:12.941.545 cdaq_evt[00315]: dispatch: 6043051A00000B34.
SEP 30 22:19:12.942.672 cdaq_evt[00316]: dispatch: 6043061A00000B34.
SEP 30 22:19:12.943.795 cdaq_evt[00317]: dispatch: 6043071A00000B34.
SEP 30 22:19:12.944.950 cdaq_evt[00318]: dispatch: 6043081A00000B34.
SEP 30 22:19:12.946.045 cdaq_evt[00319]: dispatch: 6043011600000A4C.
SEP 30 22:19:12.947.170 cdaq_evt[00320]: dispatch: 6043021600000A4C.
SEP 30 22:19:12.948.294 cdaq_evt[00321]: dispatch: 6043031600000A4C.
SEP 30 22:19:12.949.420 cdaq_evt[00322]: dispatch: 6043041600000A4C.
SEP 30 22:19:12.950.544 cdaq_evt[00323]: dispatch: 6043051600000A4C.
SEP 30 22:19:12.951.670 cdaq_evt[00324]: dispatch: 6043061600000A4C.
SEP 30 22:19:12.952.794 cdaq_evt[00325]: dispatch: 6043071600000A4C.
SEP 30 22:19:12.953.938 cdaq_evt[00326]: dispatch: 6043081600000A4C.
SEP 30 22:19:12.955.169 cdaq_evt[00327]: dispatch: 6043011A00000A4C.
SEP 30 22:19:12.956.294 cdaq_evt[00328]: dispatch: 6043021A00000A4C.
SEP 30 22:19:12.957.419 cdaq_evt[00329]: dispatch: 6043031A00000A4C.
SEP 30 22:19:12.958.543 cdaq_evt[00330]: dispatch: 6043041A00000A4C.
SEP 30 22:19:12.959.669 cdaq_evt[00331]: dispatch: 6043051A00000A4C.
SEP 30 22:19:12.960.793 cdaq_evt[00332]: dispatch: 6043061A00000A4C.
SEP 30 22:19:12.961.936 cdaq_evt[00333]: dispatch: 6043071A00000A4C.
SEP 30 22:19:12.963.043 cdaq_evt[00334]: dispatch: 6043081A00000A4C.
SEP 30 22:19:12.964.169 cdaq_evt[00335]: dispatch: 6043011600000964.
SEP 30 22:19:12.965.417 cdaq_evt[00336]: dispatch: 6043021600000964.
SEP 30 22:19:12.966.542 cdaq_evt[00337]: dispatch: 6043031600000964.
SEP 30 22:19:12.967.668 cdaq_evt[00338]: dispatch: 6043041600000964.
SEP 30 22:19:12.968.792 cdaq_evt[00339]: dispatch: 6043051600000964.
SEP 30 22:19:12.969.936 cdaq_evt[00340]: dispatch: 6043061600000964.
SEP 30 22:19:12.971.041 cdaq_evt[00341]: dispatch: 6043071600000964.
SEP 30 22:19:12.972.166 cdaq_evt[00342]: dispatch: 6043081600000964.
SEP 30 22:19:12.973.291 cdaq_evt[00343]: dispatch: 6043011A00000964.
SEP 30 22:19:12.974.416 cdaq_evt[00344]: dispatch: 6043021A00000964.
SEP 30 22:19:12.975.665 cdaq_evt[00345]: dispatch: 6043031A00000964.
SEP 30 22:19:12.976.790 cdaq_evt[00346]: dispatch: 6043041A00000964.
SEP 30 22:19:12.978.951 cdaq_evt[00347]: dispatch: 6043051A00000964.
SEP 30 22:19:12.980.165 cdaq_evt[00348]: dispatch: 6043061A00000964.
SEP 30 22:19:12.981.290 cdaq_evt[00349]: dispatch: 6043071A00000964.
SEP 30 22:19:12.982.415 cdaq_evt[00350]: dispatch: 6043081A00000964.
SEP 30 22:19:12.983.540 cdaq_evt[00351]: dispatch: 604301160000087C.
SEP 30 22:19:12.984.665 cdaq_evt[00352]: dispatch: 604302160000087C.
SEP 30 22:19:12.985.790 cdaq_evt[00353]: dispatch: 604303160000087C.
SEP 30 22:19:12.986.954 cdaq_evt[00354]: dispatch: 604304160000087C.
SEP 30 22:19:12.988.040 cdaq_evt[00355]: dispatch: 604305160000087C.
SEP 30 22:19:12.989.164 cdaq_evt[00356]: dispatch: 604306160000087C.
SEP 30 22:19:12.990.289 cdaq_evt[00357]: dispatch: 604307160000087C.
SEP 30 22:19:12.991.414 cdaq_evt[00358]: dispatch: 604308160000087C.
SEP 30 22:19:12.992.538 cdaq_evt[00359]: dispatch: 6043011A0000087C.
SEP 30 22:19:12.993.663 cdaq_evt[00360]: dispatch: 6043021A0000087C.
SEP 30 22:19:12.994.787 cdaq_evt[00361]: dispatch: 6043031A0000087C.
SEP 30 22:19:12.995.926 cdaq_evt[00362]: dispatch: 6043041A0000087C.
SEP 30 22:19:12.997.037 cdaq_evt[00363]: dispatch: 6043051A0000087C.
SEP 30 22:19:12.998.163 cdaq_evt[00364]: dispatch: 6043061A0000087C.
SEP 30 22:19:12.999.286 cdaq_evt[00365]: dispatch: 6043071A0000087C.
SEP 30 22:19:13.000.411 cdaq_evt[00366]: dispatch: 6043081A0000087C.
SEP 30 22:19:13.001.536 cdaq_evt[00367]: dispatch: 6043011600000794.
SEP 30 22:19:13.002.786 cdaq_evt[00368]: dispatch: 6043021600000794.
SEP 30 22:19:13.004.945 cdaq_evt[00369]: dispatch: 6043031600000794.
SEP 30 22:19:13.006.160 cdaq_evt[00370]: dispatch: 6043041600000794.
SEP 30 22:19:13.007.286 cdaq_evt[00371]: dispatch: 6043051600000794.
SEP 30 22:19:13.008.410 cdaq_evt[00372]: dispatch: 6043061600000794.
SEP 30 22:19:13.009.535 cdaq_evt[00373]: dispatch: 6043071600000794.
SEP 30 22:19:13.010.660 cdaq_evt[00374]: dispatch: 6043081600000794.
SEP 30 22:19:13.011.786 cdaq_evt[00375]: dispatch: 6043011A00000794.
SEP 30 22:19:13.012.920 cdaq_evt[00376]: dispatch: 6043021A00000794.
SEP 30 22:19:13.014.035 cdaq_evt[00377]: dispatch: 6043031A00000794.
SEP 30 22:19:13.015.285 cdaq_evt[00378]: dispatch: 6043041A00000794.
SEP 30 22:19:13.016.410 cdaq_evt[00379]: dispatch: 6043051A00000794.
SEP 30 22:19:13.017.534 cdaq_evt[00380]: dispatch: 6043061A00000794.
SEP 30 22:19:13.018.660 cdaq_evt[00381]: dispatch: 6043071A00000794.
SEP 30 22:19:13.019.783 cdaq_evt[00382]: dispatch: 6043081A00000794.
SEP 30 22:19:13.021.045 cdaq_evt[00383]: dispatch: 60430116000006AC.
SEP 30 22:19:13.022.178 cdaq_evt[00384]: dispatch: 60430216000006AC.
SEP 30 22:19:13.023.284 cdaq_evt[00385]: dispatch: 60430316000006AC.
SEP 30 22:19:13.024.409 cdaq_evt[00386]: dispatch: 60430416000006AC.
SEP 30 22:19:13.025.659 cdaq_evt[00387]: dispatch: 60430516000006AC.
SEP 30 22:19:13.026.783 cdaq_evt[00388]: dispatch: 60430616000006AC.
SEP 30 22:19:13.027.921 cdaq_evt[00389]: dispatch: 60430716000006AC.
SEP 30 22:19:13.029.032 cdaq_evt[00390]: dispatch: 60430816000006AC.
SEP 30 22:19:13.030.158 cdaq_evt[00391]: dispatch: 6043011A000006AC.
SEP 30 22:19:13.031.282 cdaq_evt[00392]: dispatch: 6043021A000006AC.
SEP 30 22:19:13.032.408 cdaq_evt[00393]: dispatch: 6043031A000006AC.
SEP 30 22:19:13.033.532 cdaq_evt[00394]: dispatch: 6043041A000006AC.
SEP 30 22:19:13.034.656 cdaq_evt[00395]: dispatch: 6043051A000006AC.
SEP 30 22:19:13.035.782 cdaq_evt[00396]: dispatch: 6043061A000006AC.
SEP 30 22:19:13.036.914 cdaq_evt[00397]: dispatch: 6043071A000006AC.
SEP 30 22:19:13.037.927 cdaq_evt[00398]: dispatch: 6043081A000006AC.
SEP 30 22:19:13.039.032 cdaq_evt[00399]: dispatch: 60430116000005C4.
SEP 30 22:19:13.040.155 cdaq_evt[00400]: dispatch: 60430216000005C4.
SEP 30 22:19:13.041.280 cdaq_evt[00401]: dispatch: 60430316000005C4.
SEP 30 22:19:13.042.405 cdaq_evt[00402]: dispatch: 60430416000005C4.
SEP 30 22:19:13.043.531 cdaq_evt[00403]: dispatch: 60430516000005C4.
SEP 30 22:19:13.044.655 cdaq_evt[00404]: dispatch: 60430616000005C4.
SEP 30 22:19:13.045.781 cdaq_evt[00405]: dispatch: 60430716000005C4.
SEP 30 22:19:13.046.936 cdaq_evt[00406]: dispatch: 60430816000005C4.
SEP 30 22:19:13.048.155 cdaq_evt[00407]: dispatch: 6043011A000005C4.
SEP 30 22:19:13.049.280 cdaq_evt[00408]: dispatch: 6043021A000005C4.
SEP 30 22:19:13.050.404 cdaq_evt[00409]: dispatch: 6043031A000005C4.
SEP 30 22:19:13.051.529 cdaq_evt[00410]: dispatch: 6043041A000005C4.
SEP 30 22:19:13.052.655 cdaq_evt[00411]: dispatch: 6043051A000005C4.
SEP 30 22:19:13.053.778 cdaq_evt[00412]: dispatch: 6043061A000005C4.
SEP 30 22:19:13.055.028 cdaq_evt[00413]: dispatch: 6043071A000005C4.
SEP 30 22:19:13.056.153 cdaq_evt[00414]: dispatch: 6043081A000005C4.
SEP 30 22:19:13.057.278 cdaq_evt[00415]: dispatch: 60430116000004DC.
SEP 30 22:19:13.058.403 cdaq_evt[00416]: dispatch: 60430216000004DC.
SEP 30 22:19:13.059.528 cdaq_evt[00417]: dispatch: 60430316000004DC.
SEP 30 22:19:13.060.652 cdaq_evt[00418]: dispatch: 60430416000004DC.
SEP 30 22:19:13.061.779 cdaq_evt[00419]: dispatch: 60430516000004DC.
SEP 30 22:19:13.062.943 cdaq_evt[00420]: dispatch: 60430616000004DC.
SEP 30 22:19:13.064.027 cdaq_evt[00421]: dispatch: 60430716000004DC.
SEP 30 22:19:13.065.277 cdaq_evt[00422]: dispatch: 60430816000004DC.
SEP 30 22:19:13.066.402 cdaq_evt[00423]: dispatch: 6043011A000004DC.
SEP 30 22:19:13.067.526 cdaq_evt[00424]: dispatch: 6043021A000004DC.
SEP 30 22:19:13.068.651 cdaq_evt[00425]: dispatch: 6043031A000004DC.
SEP 30 22:19:13.069.775 cdaq_evt[00426]: dispatch: 6043041A000004DC.
SEP 30 22:19:13.070.948 cdaq_evt[00427]: dispatch: 6043051A000004DC.
SEP 30 22:19:13.072.026 cdaq_evt[00428]: dispatch: 6043061A000004DC.
SEP 30 22:19:13.073.150 cdaq_evt[00429]: dispatch: 6043071A000004DC.
SEP 30 22:19:13.074.276 cdaq_evt[00430]: dispatch: 6043081A000004DC.
SEP 30 22:19:13.075.525 cdaq_evt[00431]: dispatch: 60430116000003F4.
SEP 30 22:19:13.076.651 cdaq_evt[00432]: dispatch: 60430216000003F4.
SEP 30 22:19:13.077.775 cdaq_evt[00433]: dispatch: 60430316000003F4.
SEP 30 22:19:13.078.947 cdaq_evt[00434]: dispatch: 60430416000003F4.
SEP 30 22:19:13.080.025 cdaq_evt[00435]: dispatch: 60430516000003F4.
SEP 30 22:19:13.081.149 cdaq_evt[00436]: dispatch: 60430616000003F4.
SEP 30 22:19:13.082.274 cdaq_evt[00437]: dispatch: 60430716000003F4.
SEP 30 22:19:13.083.400 cdaq_evt[00438]: dispatch: 60430816000003F4.
SEP 30 22:19:13.084.525 cdaq_evt[00439]: dispatch: 6043011A000003F4.
SEP 30 22:19:13.085.649 cdaq_evt[00440]: dispatch: 6043021A000003F4.
SEP 30 22:19:13.086.774 cdaq_evt[00441]: dispatch: 6043031A000003F4.
SEP 30 22:19:13.088.935 cdaq_evt[00442]: dispatch: 6043041A000003F4.
SEP 30 22:19:13.090.149 cdaq_evt[00443]: dispatch: 6043051A000003F4.
SEP 30 22:19:13.091.274 cdaq_evt[00444]: dispatch: 6043061A000003F4.
SEP 30 22:19:13.092.398 cdaq_evt[00445]: dispatch: 6043071A000003F4.
SEP 30 22:19:13.093.523 cdaq_evt[00446]: dispatch: 6043081A000003F4.
SEP 30 22:19:13.094.648 cdaq_evt[00447]: dispatch: 604301160000030C.
SEP 30 22:19:13.095.773 cdaq_evt[00448]: dispatch: 604302160000030C.
SEP 30 22:19:13.096.907 cdaq_evt[00449]: dispatch: 604303160000030C.
SEP 30 22:19:13.097.915 cdaq_evt[00450]: dispatch: 604304160000030C.
SEP 30 22:19:13.099.022 cdaq_evt[00451]: dispatch: 604305160000030C.
SEP 30 22:19:13.100.147 cdaq_evt[00452]: dispatch: 604306160000030C.
SEP 30 22:19:13.101.271 cdaq_evt[00453]: dispatch: 604307160000030C.
SEP 30 22:19:13.102.397 cdaq_evt[00454]: dispatch: 604308160000030C.
SEP 30 22:19:13.103.647 cdaq_evt[00455]: dispatch: 6043011A0000030C.
SEP 30 22:19:13.105.772 cdaq_evt[00456]: dispatch: 6043021A0000030C.
SEP 30 22:19:13.106.906 cdaq_evt[00457]: dispatch: 6043031A0000030C.
SEP 30 22:19:13.107.916 cdaq_evt[00458]: dispatch: 6043041A0000030C.
SEP 30 22:19:13.109.021 cdaq_evt[00459]: dispatch: 6043051A0000030C.
SEP 30 22:19:13.110.144 cdaq_evt[00460]: dispatch: 6043061A0000030C.
SEP 30 22:19:13.111.270 cdaq_evt[00461]: dispatch: 6043071A0000030C.
SEP 30 22:19:13.112.394 cdaq_evt[00462]: dispatch: 6043081A0000030C.
SEP 30 22:19:13.113.519 cdaq_evt[00463]: dispatch: 6043011600000224.
SEP 30 22:19:13.114.645 cdaq_evt[00464]: dispatch: 6043021600000224.
SEP 30 22:19:13.115.770 cdaq_evt[00465]: dispatch: 6043031600000224.
SEP 30 22:19:13.116.925 cdaq_evt[00466]: dispatch: 6043041600000224.
SEP 30 22:19:13.118.019 cdaq_evt[00467]: dispatch: 6043051600000224.
SEP 30 22:19:13.119.144 cdaq_evt[00468]: dispatch: 6043061600000224.
SEP 30 22:19:13.120.268 cdaq_evt[00469]: dispatch: 6043071600000224.
SEP 30 22:19:13.121.393 cdaq_evt[00470]: dispatch: 6043081600000224.
SEP 30 22:19:13.122.518 cdaq_evt[00471]: dispatch: 6043011A00000224.
SEP 30 22:19:13.123.643 cdaq_evt[00472]: dispatch: 6043021A00000224.
SEP 30 22:19:13.124.768 cdaq_evt[00473]: dispatch: 6043031A00000224.
SEP 30 22:19:13.125.912 cdaq_evt[00474]: dispatch: 6043041A00000224.
SEP 30 22:19:13.127.017 cdaq_evt[00475]: dispatch: 6043051A00000224.
SEP 30 22:19:13.128.142 cdaq_evt[00476]: dispatch: 6043061A00000224.
SEP 30 22:19:13.129.267 cdaq_evt[00477]: dispatch: 6043071A00000224.
SEP 30 22:19:13.130.392 cdaq_evt[00478]: dispatch: 6043081A00000224.
SEP 30 22:19:13.131.517 cdaq_evt[00479]: dispatch: 604301160000013C.
SEP 30 22:19:13.132.642 cdaq_evt[00480]: dispatch: 604302160000013C.
SEP 30 22:19:13.133.766 cdaq_evt[00481]: dispatch: 604303160000013C.
SEP 30 22:19:13.134.900 cdaq_evt[00482]: dispatch: 604304160000013C.
SEP 30 22:19:13.135.912 cdaq_evt[00483]: dispatch: 604305160000013C.
SEP 30 22:19:13.137.016 cdaq_evt[00484]: dispatch: 604306160000013C.
SEP 30 22:19:13.138.141 cdaq_evt[00485]: dispatch: 604307160000013C.
SEP 30 22:19:13.139.268 cdaq_evt[00486]: dispatch: 604308160000013C.
SEP 30 22:19:13.140.391 cdaq_evt[00487]: dispatch: 6043011A0000013C.
SEP 30 22:19:13.141.516 cdaq_evt[00488]: dispatch: 6043021A0000013C.
SEP 30 22:19:13.142.640 cdaq_evt[00489]: dispatch: 6043031A0000013C.
SEP 30 22:19:13.143.764 cdaq_evt[00490]: dispatch: 6043041A0000013C.
SEP 30 22:19:13.144.920 cdaq_evt[00491]: dispatch: 6043051A0000013C.
SEP 30 22:19:13.146.140 cdaq_evt[00492]: dispatch: 6043061A0000013C.
SEP 30 22:19:13.147.265 cdaq_evt[00493]: dispatch: 6043071A0000013C.
SEP 30 22:19:13.148.390 cdaq_evt[00494]: dispatch: 6043081A0000013C.
SEP 30 22:19:13.149.513 cdaq_evt[00495]: dispatch: 6043011600000054.
SEP 30 22:19:13.150.639 cdaq_evt[00496]: dispatch: 6043021600000054.
SEP 30 22:19:13.151.763 cdaq_evt[00497]: dispatch: 6043031600000054.
SEP 30 22:19:13.152.920 cdaq_evt[00498]: dispatch: 6043041600000054.
SEP 30 22:19:13.154.014 cdaq_evt[00499]: dispatch: 6043051600000054.
SEP 30 22:19:13.155.263 cdaq_evt[00500]: dispatch: 6043061600000054.
SEP 30 22:19:13.156.388 cdaq_evt[00501]: dispatch: 6043071600000054.
SEP 30 22:19:13.157.514 cdaq_evt[00502]: dispatch: 6043081600000054.
SEP 30 22:19:13.158.638 cdaq_evt[00503]: dispatch: 6043011A00000054.
SEP 30 22:19:13.159.763 cdaq_evt[00504]: dispatch: 6043021A00000054.
SEP 30 22:19:13.160.917 cdaq_evt[00505]: dispatch: 6043031A00000054.
SEP 30 22:19:13.162.012 cdaq_evt[00506]: dispatch: 6043041A00000054.
SEP 30 22:19:13.163.137 cdaq_evt[00507]: dispatch: 6043051A00000054.
SEP 30 22:19:13.164.263 cdaq_evt[00508]: dispatch: 6043061A00000054.
SEP 30 22:19:13.165.512 cdaq_evt[00509]: dispatch: 6043071A00000054.
SEP 30 22:19:13.166.636 cdaq_evt[00510]: dispatch: 6043081A00000054.
SEP 30 22:19:13.167.761 cdaq_evt[00511]: dispatch: 6043011600000000.
SEP 30 22:19:13.168.907 cdaq_evt[00512]: dispatch: 6043021600000000.
SEP 30 22:19:13.170.010 cdaq_evt[00513]: dispatch: 6043031600000000.
SEP 30 22:19:13.171.135 cdaq_evt[00514]: dispatch: 6043041600000000.
SEP 30 22:19:13.172.261 cdaq_evt[00515]: dispatch: 6043051600000000.
SEP 30 22:19:13.173.385 cdaq_evt[00516]: dispatch: 6043061600000000.
SEP 30 22:19:13.174.510 cdaq_evt[00517]: dispatch: 6043071600000000.
SEP 30 22:19:13.175.635 cdaq_evt[00518]: dispatch: 6043081600000000.
SEP 30 22:19:13.176.761 cdaq_evt[00519]: dispatch: 6043011A00000000.
SEP 30 22:19:13.177.905 cdaq_evt[00520]: dispatch: 6043021A00000000.
SEP 30 22:19:13.179.009 cdaq_evt[00521]: dispatch: 6043031A00000000.
SEP 30 22:19:13.180.135 cdaq_evt[00522]: dispatch: 6043041A00000000.
SEP 30 22:19:13.181.260 cdaq_evt[00523]: dispatch: 6043051A00000000.
SEP 30 22:19:13.182.384 cdaq_evt[00524]: dispatch: 6043061A00000000.
SEP 30 22:19:13.183.509 cdaq_evt[00525]: dispatch: 6043071A00000000.
SEP 30 22:19:13.184.634 cdaq_evt[00526]: dispatch: 6043081A00000000.
SEP 30 22:19:13.185.764 cdaq_evt[00527]: dispatch: 6053151700001003.
SEP 30 22:19:13.687.802 cdaq_evt[00528]: dispatch: 6053151700002003.
SEP 30 22:19:14.190.726 cdaq_evt[00529]: dispatch: 6053151700003003.
SEP 30 22:19:14.692.641 cdaq_evt[00530]: dispatch: 6053151700004003.
SEP 30 22:19:15.196.566 cdaq_evt[00531]: dispatch: 6053151700005003.
SEP 30 22:19:15.699.482 cdaq_evt[00532]: dispatch: 6053151700006003.
SEP 30 22:19:16.203.391 cdaq_evt[00533]: dispatch: 6053151700007003.
SEP 30 22:19:16.708.319 cdaq_evt[00534]: dispatch: 6053151700008003.
SEP 30 22:19:17.213.256 cdaq_evt[00535]: dispatch: 6053151700009003.
SEP 30 22:19:17.717.176 cdaq_evt[00536]: dispatch: 605315170000A003.
SEP 30 22:19:18.221.082 cdaq_evt[00537]: dispatch: 605315170000B003.
SEP 30 22:19:18.726.022 cdaq_evt[00538]: dispatch: 605315170000C003.
SEP 30 22:19:19.230.944 cdaq_evt[00539]: dispatch: 6053161700001003.
SEP 30 22:19:19.735.850 cdaq_evt[00540]: dispatch: 6053161700002003.
SEP 30 22:19:20.239.780 cdaq_evt[00541]: dispatch: 6053161700003003.
SEP 30 22:19:20.744.714 cdaq_evt[00542]: dispatch: 6053161700004003.
SEP 30 22:19:21.247.621 cdaq_evt[00543]: dispatch: 6053161700005003.
SEP 30 22:19:21.750.555 cdaq_evt[00544]: dispatch: 6053161700006003.
SEP 30 22:19:22.253.471 cdaq_evt[00545]: dispatch: 6053161700007003.
SEP 30 22:19:22.756.396 cdaq_evt[00546]: dispatch: 6053161700008003.
SEP 30 22:19:23.259.322 cdaq_evt[00547]: dispatch: 6053161700009003.
SEP 30 22:19:23.761.264 cdaq_evt[00548]: dispatch: 605316170000A003.
SEP 30 22:19:24.264.170 cdaq_evt[00549]: dispatch: 605316170000B003.
SEP 30 22:19:24.767.094 cdaq_evt[00550]: dispatch: 605316170000C003.
SEP 30 22:19:25.702.965 cdaq_cmd[00925]: SCI_BIAS SCD1, 0x0FFF7FF8, OFF.
SEP 30 22:19:26.271.876 cdaq_evt[00551]: dispatch: 6053151700001003.
SEP 30 22:19:26.774.778 cdaq_evt[00552]: dispatch: 6053151700002003.
SEP 30 22:19:27.277.707 cdaq_evt[00553]: dispatch: 6053151700003003.
SEP 30 22:19:27.782.623 cdaq_evt[00554]: dispatch: 6053151700004003.
SEP 30 22:19:28.287.552 cdaq_evt[00555]: dispatch: 6053151700005003.
SEP 30 22:19:28.792.486 cdaq_evt[00556]: dispatch: 6053151700006003.
SEP 30 22:19:29.296.393 cdaq_evt[00557]: dispatch: 6053151700007003.
SEP 30 22:19:29.801.316 cdaq_evt[00558]: dispatch: 6053151700008003.
SEP 30 22:19:30.305.246 cdaq_evt[00559]: dispatch: 6053151700009003.
SEP 30 22:19:30.810.172 cdaq_evt[00560]: dispatch: 605315170000A003.
SEP 30 22:19:31.314.103 cdaq_evt[00561]: dispatch: 605315170000B003.
SEP 30 22:19:31.818.029 cdaq_evt[00562]: dispatch: 605315170000C003.
SEP 30 22:19:32.321.932 cdaq_evt[00563]: dispatch: 6053161700001003.
SEP 30 22:19:32.824.862 cdaq_evt[00564]: dispatch: 6053161700002003.
SEP 30 22:19:33.327.779 cdaq_evt[00565]: dispatch: 6053161700003003.
SEP 30 22:19:33.830.728 cdaq_evt[00566]: dispatch: 6053161700004003.
SEP 30 22:19:34.334.650 cdaq_evt[00567]: dispatch: 6053161700005003.
SEP 30 22:19:34.838.574 cdaq_evt[00568]: dispatch: 6053161700006003.
SEP 30 22:19:35.341.478 cdaq_evt[00569]: dispatch: 6053161700007003.
SEP 30 22:19:35.844.423 cdaq_evt[00570]: dispatch: 6053161700008003.
SEP 30 22:19:36.347.327 cdaq_evt[00571]: dispatch: 6053161700009003.
SEP 30 22:19:36.850.244 cdaq_evt[00572]: dispatch: 605316170000A003.
SEP 30 22:19:37.353.182 cdaq_evt[00573]: dispatch: 605316170000B003.
SEP 30 22:19:37.856.090 cdaq_evt[00574]: dispatch: 605316170000C003.
SEP 30 22:22:03.888.820 cdaq_cmd[00926]: SCI_BIAS SCD2, 0x0FFF7FF8, OFF.
SEP 30 22:22:04.625.730 cdaq_evt[00575]: dispatch: 6053131700001003.
SEP 30 22:22:05.128.640 cdaq_evt[00576]: dispatch: 6053131700002003.
SEP 30 22:22:05.631.543 cdaq_evt[00577]: dispatch: 6053131700003003.
SEP 30 22:22:06.134.485 cdaq_evt[00578]: dispatch: 6053131700004003.
SEP 30 22:22:06.637.397 cdaq_evt[00579]: dispatch: 6053131700005003.
SEP 30 22:22:07.140.323 cdaq_evt[00580]: dispatch: 6053131700006003.
SEP 30 22:22:07.643.246 cdaq_evt[00581]: dispatch: 6053131700007003.
SEP 30 22:22:08.146.159 cdaq_evt[00582]: dispatch: 6053131700008003.
SEP 30 22:22:08.649.114 cdaq_evt[00583]: dispatch: 6053131700009003.
SEP 30 22:22:09.154.039 cdaq_evt[00584]: dispatch: 605313170000A003.
SEP 30 22:22:09.657.938 cdaq_evt[00585]: dispatch: 605313170000B003.
SEP 30 22:22:10.162.851 cdaq_evt[00586]: dispatch: 605313170000C003.
SEP 30 22:22:10.667.780 cdaq_evt[00587]: dispatch: 6053141700001003.
SEP 30 22:22:11.172.697 cdaq_evt[00588]: dispatch: 6053141700002003.
SEP 30 22:22:11.677.637 cdaq_evt[00589]: dispatch: 6053141700003003.
SEP 30 22:22:12.181.544 cdaq_evt[00590]: dispatch: 6053141700004003.
SEP 30 22:22:12.686.475 cdaq_evt[00591]: dispatch: 6053141700005003.
SEP 30 22:22:13.190.390 cdaq_evt[00592]: dispatch: 6053141700006003.
SEP 30 22:22:13.695.331 cdaq_evt[00593]: dispatch: 6053141700007003.
SEP 30 22:22:14.198.250 cdaq_evt[00594]: dispatch: 6053141700008003.
SEP 30 22:22:14.701.180 cdaq_evt[00595]: dispatch: 6053141700009003.
SEP 30 22:22:15.204.083 cdaq_evt[00596]: dispatch: 605314170000A003.
SEP 30 22:22:15.707.006 cdaq_evt[00597]: dispatch: 605314170000B003.
SEP 30 22:22:16.209.930 cdaq_evt[00598]: dispatch: 605314170000C003.
SEP 30 22:23:53.279.126 cdaq_cmd[00927]: SCI_NOOP.
SEP 30 22:23:53.279.145 cdaq_cmd[00928]: NOOP (command counts: 13 since last noop, 58 in total).
SEP 30 22:24:06.478.120 cdaq_cmd[00929]: SCI_HW *C0C020000000C.
SEP 30 22:24:06.914.052 cdaq_evt[00599]: dispatch: 60430C020000000C.
SEP 30 22:24:09.177.783 cdaq_cmd[00930]: SCI_OPMODE 54178, 1.
SEP 30 22:24:09.177.798 cdaq_cmd[00931]: test mode.
SEP 30 22:24:09.922.601 cdaq_evt[00600]: select: avail 0xD3A2, active 0xD3A2.
SEP 30 22:24:09.922.610 cdaq_evt[00601]: test mode.
SEP 30 22:24:09.949.368 cdaq_evt[00602]: BSD: ACCESS VIOLAION : TRIG_MODE 0.
SEP 30 22:24:17.977.362 cdaq_cmd[00932]: SCI_BSD SET, TRIG_MODE, 0x0001.
SEP 30 22:24:18.175.337 cdaq_evt[00603]: BSD: cmd 2 item 0x27  value 1 (0x1).
SEP 30 22:24:42.975.556 cdaq_cmd[00933]: SCI_BIAS SCD4, 0x0FFF7FF8, OFF.
SEP 30 22:24:43.965.409 cdaq_evt[00604]: dispatch: 6053191700001003.
SEP 30 22:24:44.468.312 cdaq_evt[00605]: dispatch: 6053191700002003.
SEP 30 22:24:44.971.260 cdaq_evt[00606]: dispatch: 6053191700003003.
SEP 30 22:24:45.474.177 cdaq_evt[00607]: dispatch: 6053191700004003.
SEP 30 22:24:45.977.110 cdaq_evt[00608]: dispatch: 6053191700005003.
SEP 30 22:24:46.480.004 cdaq_evt[00609]: dispatch: 6053191700006003.
SEP 30 22:24:46.982.928 cdaq_evt[00610]: dispatch: 6053191700007003.
SEP 30 22:24:47.485.876 cdaq_evt[00611]: dispatch: 6053191700008003.
SEP 30 22:24:47.988.783 cdaq_evt[00612]: dispatch: 6053191700009003.
SEP 30 22:24:48.491.709 cdaq_evt[00613]: dispatch: 605319170000A003.
SEP 30 22:24:48.994.640 cdaq_evt[00614]: dispatch: 605319170000B003.
SEP 30 22:24:49.497.575 cdaq_evt[00615]: dispatch: 605319170000C003.
SEP 30 22:24:50.000.468 cdaq_evt[00616]: dispatch: 60531A1700001003.
SEP 30 22:24:50.503.415 cdaq_evt[00617]: dispatch: 60531A1700002003.
SEP 30 22:24:51.007.315 cdaq_evt[00618]: dispatch: 60531A1700003003.
SEP 30 22:24:51.512.247 cdaq_evt[00619]: dispatch: 60531A1700004003.
SEP 30 22:24:52.017.159 cdaq_evt[00620]: dispatch: 60531A1700005003.
SEP 30 22:24:52.522.087 cdaq_evt[00621]: dispatch: 60531A1700006003.
SEP 30 22:24:53.027.032 cdaq_evt[00622]: dispatch: 60531A1700007003.
SEP 30 22:24:53.530.935 cdaq_evt[00623]: dispatch: 60531A1700008003.
SEP 30 22:24:54.035.875 cdaq_evt[00624]: dispatch: 60531A1700009003.
SEP 30 22:24:54.539.775 cdaq_evt[00625]: dispatch: 60531A170000A003.
SEP 30 22:24:55.044.721 cdaq_evt[00626]: dispatch: 60531A170000B003.
SEP 30 22:24:55.548.633 cdaq_evt[00627]: dispatch: 60531A170000C003.
SEP 30 22:25:43.467.323 cdaq_cmd[00934]: SCI_POWER TCD/BCD, 0x0E000000, OFF.
SEP 30 22:25:44.058.241 cdaq_evt[00628]: dispatch: 60431C2100000000.
SEP 30 22:25:44.563.155 cdaq_evt[00629]: dispatch: 60431C2200000000.
SEP 30 22:25:45.068.067 cdaq_evt[00630]: dispatch: 60431C2300000000.
SEP 30 22:25:50.966.188 cdaq_cmd[00935]: SCI_POWER TCD/BCD, 0x01C00000, OFF.
SEP 30 22:25:52.725.910 cdaq_evt[00631]: dispatch: 60431D2100000000.
SEP 30 22:25:53.232.822 cdaq_evt[00632]: dispatch: 60431D2200000000.
SEP 30 22:25:53.736.745 cdaq_evt[00633]: dispatch: 60431D2300000000.
SEP 30 22:25:58.566.019 cdaq_cmd[00936]: SCI_POWER TCD/BCD, 0x00380000, OFF.
SEP 30 22:26:00.919.654 cdaq_evt[00634]: dispatch: 60431E2100000000.
SEP 30 22:26:01.426.571 cdaq_evt[00635]: dispatch: 60431E2200000000.
SEP 30 22:26:01.932.503 cdaq_evt[00636]: dispatch: 60431E2300000000.
SEP 30 22:26:04.665.093 cdaq_cmd[00937]: SCI_POWER TCD/BCD, 0x00070000, OFF.
SEP 30 22:26:07.525.656 cdaq_evt[00637]: dispatch: 60431F2100000000.
SEP 30 22:26:08.030.579 cdaq_evt[00638]: dispatch: 60431F2200000000.
SEP 30 22:26:08.535.487 cdaq_evt[00639]: dispatch: 60431F2300000000.
SEP 30 22:26:33.264.725 cdaq_cmd[00938]: SCI_POWER SCD1, 0x0FFFFFF0, OFF.
SEP 30 22:26:33.852.663 cdaq_evt[00640]: dispatch: 6053151700001000.
SEP 30 22:26:34.105.614 cdaq_evt[00641]: dispatch: 6053151700002000.
SEP 30 22:26:34.358.568 cdaq_evt[00642]: dispatch: 6053151700003000.
SEP 30 22:26:34.613.530 cdaq_evt[00643]: dispatch: 6053151700004000.
SEP 30 22:26:34.868.479 cdaq_evt[00644]: dispatch: 6053151700005000.
SEP 30 22:26:35.122.433 cdaq_evt[00645]: dispatch: 6053151700006000.
SEP 30 22:26:35.377.391 cdaq_evt[00646]: dispatch: 6053151700007000.
SEP 30 22:26:35.632.361 cdaq_evt[00647]: dispatch: 6053151700008000.
SEP 30 22:26:35.887.323 cdaq_evt[00648]: dispatch: 6053151700009000.
SEP 30 22:26:36.142.284 cdaq_evt[00649]: dispatch: 605315170000A000.
SEP 30 22:26:36.263.271 cdaq_cmd[00939]: SCI_POWER SCD2, 0x0FFFFFF0, OFF.
SEP 30 22:26:36.397.246 cdaq_evt[00650]: dispatch: 605315170000B000.
SEP 30 22:26:36.652.196 cdaq_evt[00651]: dispatch: 605315170000C000.
SEP 30 22:26:36.907.164 cdaq_evt[00652]: dispatch: 6053161700001000.
SEP 30 22:26:37.162.119 cdaq_evt[00653]: dispatch: 6053161700002000.
SEP 30 22:26:37.417.080 cdaq_evt[00654]: dispatch: 6053161700003000.
SEP 30 22:26:37.672.047 cdaq_evt[00655]: dispatch: 6053161700004000.
SEP 30 22:26:37.927.009 cdaq_evt[00656]: dispatch: 6053161700005000.
SEP 30 22:26:38.181.969 cdaq_evt[00657]: dispatch: 6053161700006000.
SEP 30 22:26:38.436.924 cdaq_evt[00658]: dispatch: 6053161700007000.
SEP 30 22:26:38.691.901 cdaq_evt[00659]: dispatch: 6053161700008000.
SEP 30 22:26:38.945.864 cdaq_evt[00660]: dispatch: 6053161700009000.
SEP 30 22:26:39.200.824 cdaq_evt[00661]: dispatch: 605316170000A000.
SEP 30 22:26:39.363.796 cdaq_cmd[00940]: SCI_POWER SCD3, 0x0FFFFFF0, OFF.
SEP 30 22:26:39.455.781 cdaq_evt[00662]: dispatch: 605316170000B000.
SEP 30 22:26:39.708.738 cdaq_evt[00663]: dispatch: 605316170000C000.
SEP 30 22:26:40.963.581 cdaq_evt[00664]: dispatch: 6053131700001000.
SEP 30 22:26:41.216.526 cdaq_evt[00665]: dispatch: 6053131700002000.
SEP 30 22:26:41.470.471 cdaq_evt[00666]: dispatch: 6053131700003000.
SEP 30 22:26:41.723.435 cdaq_evt[00667]: dispatch: 6053131700004000.
SEP 30 22:26:41.976.394 cdaq_evt[00668]: dispatch: 6053131700005000.
SEP 30 22:26:42.229.346 cdaq_evt[00669]: dispatch: 6053131700006000.
SEP 30 22:26:42.262.358 cdaq_cmd[00941]: SCI_POWER SCD4, 0x0FFFFFF0, OFF.
SEP 30 22:26:42.482.308 cdaq_evt[00670]: dispatch: 6053131700007000.
SEP 30 22:26:42.735.288 cdaq_evt[00671]: dispatch: 6053131700008000.
SEP 30 22:26:42.988.248 cdaq_evt[00672]: dispatch: 6053131700009000.
SEP 30 22:26:43.241.201 cdaq_evt[00673]: dispatch: 605313170000A000.
SEP 30 22:26:43.494.153 cdaq_evt[00674]: dispatch: 605313170000B000.
SEP 30 22:26:43.747.126 cdaq_evt[00675]: dispatch: 605313170000C000.
SEP 30 22:26:44.000.094 cdaq_evt[00676]: dispatch: 6053141700001000.
SEP 30 22:26:44.254.049 cdaq_evt[00677]: dispatch: 6053141700002000.
SEP 30 22:26:44.506.999 cdaq_evt[00678]: dispatch: 6053141700003000.
SEP 30 22:26:44.759.961 cdaq_evt[00679]: dispatch: 6053141700004000.
SEP 30 22:26:45.012.935 cdaq_evt[00680]: dispatch: 6053141700005000.
SEP 30 22:26:45.265.913 cdaq_evt[00681]: dispatch: 6053141700006000.
SEP 30 22:26:45.518.845 cdaq_evt[00682]: dispatch: 6053141700007000.
SEP 30 22:26:45.771.817 cdaq_evt[00683]: dispatch: 6053141700008000.
SEP 30 22:26:46.024.795 cdaq_evt[00684]: dispatch: 6053141700009000.
SEP 30 22:26:46.278.740 cdaq_evt[00685]: dispatch: 605314170000A000.
SEP 30 22:26:46.533.689 cdaq_evt[00686]: dispatch: 605314170000B000.
SEP 30 22:26:46.788.666 cdaq_evt[00687]: dispatch: 605314170000C000.
SEP 30 22:26:48.045.466 cdaq_evt[00688]: dispatch: 6053171700001000.
SEP 30 22:26:48.300.419 cdaq_evt[00689]: dispatch: 6053171700002000.
SEP 30 22:26:48.555.396 cdaq_evt[00690]: dispatch: 6053171700003000.
SEP 30 22:26:48.810.348 cdaq_evt[00691]: dispatch: 6053171700004000.
SEP 30 22:26:49.065.303 cdaq_evt[00692]: dispatch: 6053171700005000.
SEP 30 22:26:49.320.281 cdaq_evt[00693]: dispatch: 6053171700006000.
SEP 30 22:26:49.575.225 cdaq_evt[00694]: dispatch: 6053171700007000.
SEP 30 22:26:49.830.193 cdaq_evt[00695]: dispatch: 6053171700008000.
SEP 30 22:26:50.085.164 cdaq_evt[00696]: dispatch: 6053171700009000.
SEP 30 22:26:50.340.126 cdaq_evt[00697]: dispatch: 605317170000A000.
SEP 30 22:26:50.595.068 cdaq_evt[00698]: dispatch: 605317170000B000.
SEP 30 22:26:50.850.040 cdaq_evt[00699]: dispatch: 605317170000C000.
SEP 30 22:26:51.105.011 cdaq_evt[00700]: dispatch: 6053181700001000.
SEP 30 22:26:51.357.961 cdaq_evt[00701]: dispatch: 6053181700002000.
SEP 30 22:26:51.610.916 cdaq_evt[00702]: dispatch: 6053181700003000.
SEP 30 22:26:51.863.877 cdaq_evt[00703]: dispatch: 6053181700004000.
SEP 30 22:26:52.116.849 cdaq_evt[00704]: dispatch: 6053181700005000.
SEP 30 22:26:52.369.807 cdaq_evt[00705]: dispatch: 6053181700006000.
SEP 30 22:26:52.622.772 cdaq_evt[00706]: dispatch: 6053181700007000.
SEP 30 22:26:52.875.722 cdaq_evt[00707]: dispatch: 6053181700008000.
SEP 30 22:26:53.128.695 cdaq_evt[00708]: dispatch: 6053181700009000.
SEP 30 22:26:53.381.645 cdaq_evt[00709]: dispatch: 605318170000A000.
SEP 30 22:26:53.634.618 cdaq_evt[00710]: dispatch: 605318170000B000.
SEP 30 22:26:53.887.569 cdaq_evt[00711]: dispatch: 605318170000C000.
SEP 30 22:26:55.141.418 cdaq_evt[00712]: dispatch: 6053191700001000.
SEP 30 22:26:55.394.341 cdaq_evt[00713]: dispatch: 6053191700002000.
SEP 30 22:26:55.648.300 cdaq_evt[00714]: dispatch: 6053191700003000.
SEP 30 22:26:55.901.269 cdaq_evt[00715]: dispatch: 6053191700004000.
SEP 30 22:26:56.154.241 cdaq_evt[00716]: dispatch: 6053191700005000.
SEP 30 22:26:56.407.195 cdaq_evt[00717]: dispatch: 6053191700006000.
SEP 30 22:26:56.661.156 cdaq_evt[00718]: dispatch: 6053191700007000.
SEP 30 22:26:56.914.113 cdaq_evt[00719]: dispatch: 6053191700008000.
SEP 30 22:26:57.167.068 cdaq_evt[00720]: dispatch: 6053191700009000.
SEP 30 22:26:57.420.040 cdaq_evt[00721]: dispatch: 605319170000A000.
SEP 30 22:26:57.673.077 cdaq_evt[00722]: dispatch: 605319170000B000.
SEP 30 22:26:57.926.961 cdaq_evt[00723]: dispatch: 605319170000C000.
SEP 30 22:26:58.180.923 cdaq_evt[00724]: dispatch: 60531A1700001000.
SEP 30 22:26:58.434.874 cdaq_evt[00725]: dispatch: 60531A1700002000.
SEP 30 22:26:58.688.841 cdaq_evt[00726]: dispatch: 60531A1700003000.
SEP 30 22:26:58.943.805 cdaq_evt[00727]: dispatch: 60531A1700004000.
SEP 30 22:26:59.198.773 cdaq_evt[00728]: dispatch: 60531A1700005000.
SEP 30 22:26:59.453.730 cdaq_evt[00729]: dispatch: 60531A1700006000.
SEP 30 22:26:59.707.679 cdaq_evt[00730]: dispatch: 60531A1700007000.
SEP 30 22:26:59.962.647 cdaq_evt[00731]: dispatch: 60531A1700008000.
SEP 30 22:27:00.217.602 cdaq_evt[00732]: dispatch: 60531A1700009000.
SEP 30 22:27:00.471.578 cdaq_evt[00733]: dispatch: 60531A170000A000.
SEP 30 22:27:00.725.524 cdaq_evt[00734]: dispatch: 60531A170000B000.
SEP 30 22:27:00.980.492 cdaq_evt[00735]: dispatch: 60531A170000C000.
SEP 30 22:27:06.058.722 cdaq_cmd[00942]: SCI_POWER 2, 0x0000FFFF, OFF.
SEP 30 22:27:06.251.717 cdaq_evt[00736]: dispatch: 6043110400000000.
SEP 30 22:27:06.252.839 cdaq_evt[00737]: dispatch: 6043110500000000.
SEP 30 22:27:06.253.964 cdaq_evt[00738]: dispatch: 6043110600000000.
SEP 30 22:27:06.255.091 cdaq_evt[00739]: dispatch: 6043110700000000.
SEP 30 22:27:06.256.214 cdaq_evt[00740]: dispatch: 6043110800000000.
SEP 30 22:27:06.257.338 cdaq_evt[00741]: dispatch: 6043110900000000.
SEP 30 22:27:06.258.465 cdaq_evt[00742]: dispatch: 6043110A00000000.
SEP 30 22:27:06.259.588 cdaq_evt[00743]: dispatch: 6043110B00000000.
SEP 30 22:27:06.260.723 cdaq_evt[00744]: dispatch: 6043120400000000.
SEP 30 22:27:06.261.838 cdaq_evt[00745]: dispatch: 6043120500000000.
SEP 30 22:27:06.262.962 cdaq_evt[00746]: dispatch: 6043120600000000.
SEP 30 22:27:06.264.087 cdaq_evt[00747]: dispatch: 6043120700000000.
SEP 30 22:27:06.265.212 cdaq_evt[00748]: dispatch: 6043120800000000.
SEP 30 22:27:06.266.337 cdaq_evt[00749]: dispatch: 6043120900000000.
SEP 30 22:27:06.267.462 cdaq_evt[00750]: dispatch: 6043120A00000000.
SEP 30 22:27:06.268.587 cdaq_evt[00751]: dispatch: 6043120B00000000.
SEP 30 22:27:42.855.118 cdaq_cmd[00943]: SCI_BIAS CAL, 0x0FF00000, OFF.
SEP 30 22:27:43.112.089 cdaq_evt[00752]: dispatch: 6043011800000000.
SEP 30 22:27:43.615.001 cdaq_evt[00753]: dispatch: 6043021800000000.
SEP 30 22:27:44.117.928 cdaq_evt[00754]: dispatch: 6043031800000000.
SEP 30 22:27:44.621.843 cdaq_evt[00755]: dispatch: 6043041800000000.
SEP 30 22:27:45.126.750 cdaq_evt[00756]: dispatch: 6043051800000000.
SEP 30 22:27:45.631.679 cdaq_evt[00757]: dispatch: 6043061800000000.
SEP 30 22:27:46.136.621 cdaq_evt[00758]: dispatch: 6043071800000000.
SEP 30 22:27:46.640.535 cdaq_evt[00759]: dispatch: 6043081800000000.
SEP 30 22:27:55.255.229 cdaq_cmd[00944]: SCI_HV CAL, 0x0FFFF000, OFF.
SEP 30 22:27:56.165.102 cdaq_cmd[00945]: DCommand: SCI_HV CMC, 0x00000000, PRINT.
SEP 30 22:27:56.165.118 cdaq_cmd[00946]: DCommand: SCI_HV CMC, 0x00000000, PRINT.
SEP 30 22:27:56.165.128 cdaq_cmd[00947]: DCommand: SCI_HV CMC, 0x00000000, PRINT.
SEP 30 22:27:56.165.138 cdaq_cmd[00948]: DCommand: SCI_HV CMC, 0x00000000, PRINT.
SEP 30 22:27:56.165.148 cdaq_cmd[00949]: DCommand: SCI_HV CMC, 0x00000000, PRINT.
SEP 30 22:27:56.165.158 cdaq_cmd[00950]: DCommand: SCI_HV CMC, 0x00000000, PRINT.
SEP 30 22:27:56.165.167 cdaq_cmd[00951]: DCommand: SCI_HV CMC, 0x00000000, PRINT.
SEP 30 22:27:56.165.177 cdaq_cmd[00952]: DCommand: SCI_HV CMC, 0x00000000, PRINT.
SEP 30 22:27:56.165.186 cdaq_cmd[00953]: DCommand: SCI_HV CMC, 0x00000000, PRINT.
SEP 30 22:27:56.165.196 cdaq_cmd[00954]: DCommand: SCI_HV CMC, 0x00000000, PRINT.
SEP 30 22:27:56.165.207 cdaq_cmd[00955]: DCommand: SCI_HV CMC, 0x00000000, PRINT.
SEP 30 22:27:56.165.216 cdaq_cmd[00956]: DCommand: SCI_HV CMC, 0x00000000, PRINT.
SEP 30 22:27:56.165.226 cdaq_cmd[00957]: DCommand: SCI_HV CMC, 0x00000000, PRINT.
SEP 30 22:27:56.165.235 cdaq_cmd[00958]: DCommand: SCI_HV CMC, 0x00000000, PRINT.
SEP 30 22:27:56.165.245 cdaq_cmd[00959]: DCommand: SCI_HV CMC, 0x00000000, PRINT.
SEP 30 22:27:56.165.255 cdaq_cmd[00960]: DCommand: SCI_HV CMC, 0x00000000, PRINT.
SEP 30 22:27:56.165.262 cdaq_cmd[00961]: HV Ramping:  1 0000 0000 0 0 0
.
SEP 30 22:27:57.442.886 cdaq_evt[00760]: dispatch: 6043011500000000.
SEP 30 22:27:57.444.036 cdaq_evt[00761]: dispatch: 6043021500000000.
SEP 30 22:27:57.445.160 cdaq_evt[00762]: dispatch: 6043031500000000.
SEP 30 22:27:57.446.286 cdaq_evt[00763]: dispatch: 6043041500000000.
SEP 30 22:27:57.447.409 cdaq_evt[00764]: dispatch: 6043051500000000.
SEP 30 22:27:57.448.534 cdaq_evt[00765]: dispatch: 6043061500000000.
SEP 30 22:27:57.449.659 cdaq_evt[00766]: dispatch: 6043071500000000.
SEP 30 22:27:57.450.783 cdaq_evt[00767]: dispatch: 6043081500000000.
SEP 30 22:27:57.451.910 cdaq_evt[00768]: dispatch: 6043011B00000000.
SEP 30 22:27:57.453.035 cdaq_evt[00769]: dispatch: 6043021B00000000.
SEP 30 22:27:57.454.284 cdaq_evt[00770]: dispatch: 6043031B00000000.
SEP 30 22:27:57.455.410 cdaq_evt[00771]: dispatch: 6043041B00000000.
SEP 30 22:27:57.456.534 cdaq_evt[00772]: dispatch: 6043051B00000000.
SEP 30 22:27:57.457.658 cdaq_evt[00773]: dispatch: 6043061B00000000.
SEP 30 22:27:57.458.784 cdaq_evt[00774]: dispatch: 6043071B00000000.
SEP 30 22:27:57.459.918 cdaq_evt[00775]: dispatch: 6043081B00000000.
SEP 30 22:28:18.051.741 cdaq_cmd[00962]: SCI_POWER CAL, 0x00030000, OFF.
SEP 30 22:28:22.487.066 cdaq_evt[00776]: dispatch: 60430A0B00000000.
SEP 30 22:28:22.742.018 cdaq_evt[00777]: dispatch: 60430A0C00000000.
SEP 30 22:28:28.001.221 cdaq_evt[00778]: ERROR: SprsBox[C]: no data after 1 secs/trials.
SEP 30 22:28:29.000.220 cdaq_evt[00779]: ERROR: SprsBox[T]: no data after 1 secs/trials.
SEP 30 22:28:30.000.938 cdaq_evt[00780]: ERROR: SprsBox[1]: no data after 1 secs/trials.
SEP 30 22:28:31.000.287 cdaq_evt[00781]: ERROR: SprsBox[2]: no data after 1 secs/trials.
SEP 30 22:28:32.000.136 cdaq_evt[00782]: ERROR: SprsBox[3]: no data after 1 secs/trials.
SEP 30 22:28:33.000.230 cdaq_evt[00783]: ERROR: SprsBox[4]: no data after 1 secs/trials.
SEP 30 22:28:35.000.057 cdaq_evt[00784]: ERROR: SprsBox[T]: no data after 1 secs/trials.
SEP 30 22:28:36.001.021 cdaq_evt[00785]: ERROR: SprsBox[1]: no data after 1 secs/trials.
SEP 30 22:28:37.001.844 cdaq_evt[00786]: ERROR: SprsBox[2]: no data after 1 secs/trials.
SEP 30 22:28:38.000.223 cdaq_evt[00787]: ERROR: SprsBox[3]: no data after 1 secs/trials.
SEP 30 22:28:40.000.292 cdaq_evt[00788]: ERROR: SprsBox[C]: no data after 1 secs/trials.
SEP 30 22:28:41.000.391 cdaq_evt[00789]: ERROR: SprsBox[T]: no data after 1 secs/trials.
SEP 30 22:28:42.002.181 cdaq_evt[00790]: ERROR: SprsBox[1]: no data after 1 secs/trials.
SEP 30 22:28:42.552.000 cdaq_cmd[00963]: SCI_SCRIPT 0x00000050.
SEP 30 22:28:42.552.025 cdaq_cmd[00964]: checkpoint 80.
SEP 30 22:28:42.552.031 cdaq_cmd[00965]: Executing 080.power_off_bsd.crm.
SEP 30 22:28:42.556.618 cdaq_cmd[00966]: cdaq_exec returned 15172.
SEP 30 22:28:42.557.402 cdaq_cmd[00967]: termination of child.
SEP 30 22:28:42.557.422 cdaq_cmd[00968]: resuming.
SEP 30 22:28:42.557.440 cdaq_cmd[00969]: SCI_BSD SET, PON_QA, 0x0000.
SEP 30 22:28:42.557.454 cdaq_cmd[00970]: SCI_BSD SET, PON_QB, 0x0000.
SEP 30 22:28:42.557.466 cdaq_cmd[00971]: SCI_BSD SET, PON_QC, 0x0000.
SEP 30 22:28:42.557.479 cdaq_cmd[00972]: SCI_BSD SET, PON_QD, 0x0000.
SEP 30 22:28:42.557.491 cdaq_cmd[00973]: SCI_BSD SET, PON_T1, 0x0000.
SEP 30 22:28:42.557.504 cdaq_cmd[00974]: SCI_BSD SET, PON_T2, 0x0000.
SEP 30 22:28:42.557.516 cdaq_cmd[00975]: SCI_BSD SET, PON_FEEX, 0x0000.
SEP 30 22:28:42.557.529 cdaq_cmd[00976]: SCI_BSD SET, PON_FEEY, 0x0000.
SEP 30 22:28:42.557.542 cdaq_cmd[00977]: SCI_BSD SET, PON_FEEZ, 0x0000.
SEP 30 22:28:42.557.555 cdaq_cmd[00978]: SCI_BSD CONF, 0x0000, 0x0000.
SEP 30 22:28:43.000.955 cdaq_evt[00791]: ERROR: SprsBox[2]: no data after 1 secs/trials.
SEP 30 22:28:44.000.931 cdaq_evt[00792]: ERROR: SprsBox[3]: no data after 1 secs/trials.
SEP 30 22:28:45.000.777 cdaq_evt[00793]: ERROR: SprsBox[4]: no data after 1 secs/trials.
SEP 30 22:28:46.004.488 cdaq_evt[00794]: BSD: cmd 2 item 0x9f  value 0 (0x0).
SEP 30 22:28:46.056.493 cdaq_evt[00795]: BSD: cmd 2 item 0xa0  value 0 (0x0).
SEP 30 22:28:46.107.485 cdaq_evt[00796]: BSD: cmd 2 item 0xa1  value 0 (0x0).
SEP 30 22:28:46.158.470 cdaq_evt[00797]: BSD: cmd 2 item 0xa2  value 0 (0x0).
SEP 30 22:28:46.209.459 cdaq_evt[00798]: BSD: cmd 2 item 0xa3  value 0 (0x0).
SEP 30 22:28:46.260.452 cdaq_evt[00799]: BSD: cmd 2 item 0xa4  value 0 (0x0).
SEP 30 22:28:46.311.452 cdaq_evt[00800]: BSD: cmd 2 item 0xa5  value 0 (0x0).
SEP 30 22:28:46.362.446 cdaq_evt[00801]: BSD: cmd 2 item 0xa6  value 0 (0x0).
SEP 30 22:28:46.413.437 cdaq_evt[00802]: BSD: cmd 2 item 0xa7  value 0 (0x0).
SEP 30 22:28:46.464.410 cdaq_evt[00803]: BSD: cmd 8 item 0x0  value 0 (0x0).
SEP 30 22:28:48.000.323 cdaq_evt[00804]: ERROR: SprsBox[C]: no data after 1 secs/trials.
SEP 30 22:28:49.000.047 cdaq_evt[00805]: ERROR: SprsBox[T]: no data after 1 secs/trials.
SEP 30 22:28:50.000.018 cdaq_evt[00806]: ERROR: SprsBox[1]: no data after 1 secs/trials.
SEP 30 22:28:51.000.241 cdaq_evt[00807]: ERROR: SprsBox[2]: no data after 1 secs/trials.
SEP 30 22:28:52.000.088 cdaq_evt[00808]: ERROR: SprsBox[3]: no data after 1 secs/trials.
SEP 30 22:28:53.000.182 cdaq_evt[00809]: ERROR: SprsBox[4]: no data after 1 secs/trials.
SEP 30 22:28:55.001.114 cdaq_evt[00810]: ERROR: SprsBox[T]: no data after 1 secs/trials.
SEP 30 22:28:56.001.101 cdaq_evt[00811]: ERROR: SprsBox[1]: no data after 1 secs/trials.
SEP 30 22:28:57.002.817 cdaq_evt[00812]: ERROR: SprsBox[2]: no data after 1 secs/trials.
SEP 30 22:28:58.000.801 cdaq_evt[00813]: ERROR: SprsBox[3]: no data after 1 secs/trials.
SEP 30 22:28:59.000.645 cdaq_evt[00814]: ERROR: SprsBox[4]: no data after 1 secs/trials.
SEP 30 22:29:05.000.351 cdaq_evt[00815]: ERROR: SprsBox[C]: no data after 1 secs/trials.
SEP 30 22:29:06.000.327 cdaq_evt[00816]: ERROR: SprsBox[T]: no data after 1 secs/trials.
SEP 30 22:29:07.000.045 cdaq_evt[00817]: ERROR: SprsBox[1]: no data after 1 secs/trials.
SEP 30 22:29:08.000.272 cdaq_evt[00818]: ERROR: SprsBox[2]: no data after 1 secs/trials.
SEP 30 22:29:08.250.086 cdaq_cmd[00979]: SCI_POWER CAL, 0x00004000, OFF.
SEP 30 22:29:09.001.120 cdaq_evt[00819]: ERROR: SprsBox[3]: no data after 1 secs/trials.
SEP 30 22:29:10.000.968 cdaq_evt[00820]: ERROR: SprsBox[4]: no data after 1 secs/trials.
SEP 30 22:29:14.270.177 cdaq_evt[00821]: dispatch: 60430A0E00000000.
SEP 30 22:29:15.001.208 cdaq_evt[00822]: ERROR: SprsBox[C]: no data after 1 secs/trials.
SEP 30 22:29:15.015.980 cdaq_evt[00823]: BSD:READ_ERR.
SEP 30 22:29:16.039.685 cdaq_evt[00824]: BSD:READ_ERR.
SEP 30 22:29:18.000.120 cdaq_evt[00825]: ERROR: SprsBox[1]: no data after 1 secs/trials.
SEP 30 22:29:19.000.594 cdaq_evt[00826]: ERROR: SprsBox[2]: no data after 1 secs/trials.
SEP 30 22:29:20.000.191 cdaq_evt[00827]: ERROR: SprsBox[3]: no data after 1 secs/trials.
SEP 30 22:29:20.004.456 cdaq_evt[00828]: BSD:READ_ERR.
SEP 30 22:29:21.030.796 cdaq_evt[00829]: BSD:READ_ERR.
SEP 30 22:29:23.000.362 cdaq_evt[00830]: ERROR: SprsBox[C]: no data after 1 secs/trials.
SEP 30 22:29:24.000.082 cdaq_evt[00831]: ERROR: SprsBox[1]: no data after 1 secs/trials.
SEP 30 22:29:25.000.057 cdaq_evt[00832]: ERROR: SprsBox[2]: no data after 1 secs/trials.
SEP 30 22:29:26.000.530 cdaq_evt[00833]: ERROR: SprsBox[3]: no data after 1 secs/trials.
SEP 30 22:29:27.000.376 cdaq_evt[00834]: ERROR: SprsBox[4]: no data after 1 secs/trials.
SEP 30 22:29:27.000.398 cdaq_evt[00835]: BSD:READ_ERR.
SEP 30 22:29:29.000.071 cdaq_evt[00836]: ERROR: SprsBox[C]: no data after 1 secs/trials.
SEP 30 22:29:30.000.291 cdaq_evt[00837]: ERROR: SprsBox[1]: no data after 1 secs/trials.
SEP 30 22:29:31.000.138 cdaq_evt[00838]: ERROR: SprsBox[2]: no data after 1 secs/trials.
SEP 30 22:29:32.000.362 cdaq_evt[00839]: ERROR: SprsBox[3]: no data after 1 secs/trials.
SEP 30 22:29:33.000.084 cdaq_evt[00840]: ERROR: SprsBox[4]: no data after 1 secs/trials.
SEP 30 22:29:33.000.106 cdaq_evt[00841]: BSD:READ_ERR.
SEP 30 22:29:33.448.240 cdaq_cmd[00980]: SCI_POWER CAL, 0x00088000, OFF.
SEP 30 22:29:36.017.842 cdaq_evt[00842]: dispatch: 60430A0900000000.
SEP 30 22:29:37.025.693 cdaq_evt[00843]: dispatch: 60430A0D00000000.
SEP 30 22:29:38.000.701 cdaq_evt[00844]: ERROR: SprsBox[C]: no data after 1 secs/trials.
SEP 30 22:29:39.000.546 cdaq_evt[00845]: ERROR: SprsBox[T]: no data after 1 secs/trials.
SEP 30 22:29:40.000.258 cdaq_evt[00846]: ERROR: SprsBox[1]: no data after 1 secs/trials.
SEP 30 22:29:41.001.239 cdaq_evt[00847]: ERROR: SprsBox[2]: no data after 1 secs/trials.
SEP 30 22:29:42.000.088 cdaq_evt[00848]: ERROR: SprsBox[4]: no data after 1 secs/trials.
SEP 30 22:29:42.000.112 cdaq_evt[00849]: BSD:READ_ERR.
SEP 30 22:29:43.031.567 cdaq_evt[00850]: BSD:READ_ERR.
SEP 30 22:29:44.974.775 cdaq_evt[00851]: BSD:READ_ERR.
SEP 30 22:29:47.022.458 cdaq_evt[00852]: BSD:READ_ERR.
SEP 30 22:29:49.072.149 cdaq_evt[00853]: BSD:READ_ERR.
SEP 30 22:29:51.122.837 cdaq_evt[00854]: BSD:READ_ERR.
SEP 30 22:29:53.172.769 cdaq_evt[00855]: BSD:READ_ERR.
SEP 30 22:29:55.221.462 cdaq_evt[00856]: BSD:READ_ERR.
SEP 30 22:29:56.340.757 cdaq_cmd[00981]: SCI_BIAS CAL, 0x0FF00000, OFF.
SEP 30 22:29:57.265.022 cdaq_evt[00857]: BSD:READ_ERR.
SEP 30 22:29:58.265.480 cdaq_evt[00858]: dispatch: 6043011800000000.
SEP 30 22:29:58.767.383 cdaq_evt[00859]: dispatch: 6043021800000000.
SEP 30 22:29:59.269.312 cdaq_evt[00860]: dispatch: 6043031800000000.
SEP 30 22:29:59.771.232 cdaq_evt[00861]: dispatch: 6043041800000000.
SEP 30 22:30:00.273.161 cdaq_evt[00862]: dispatch: 6043051800000000.
SEP 30 22:30:00.776.077 cdaq_evt[00863]: dispatch: 6043061800000000.
SEP 30 22:30:01.278.992 cdaq_evt[00864]: dispatch: 6043071800000000.
SEP 30 22:30:01.781.917 cdaq_evt[00865]: dispatch: 6043081800000000.
SEP 30 22:30:02.312.628 cdaq_evt[00866]: BSD:READ_ERR.
SEP 30 22:30:03.412.086 cdaq_evt[00867]: BSD:READ_ERR.
SEP 30 22:30:05.459.775 cdaq_evt[00868]: BSD:READ_ERR.
SEP 30 22:30:07.502.336 cdaq_evt[00869]: BSD:READ_ERR.
SEP 30 22:30:09.551.026 cdaq_evt[00870]: BSD:READ_ERR.
SEP 30 22:30:11.596.714 cdaq_evt[00871]: BSD:READ_ERR.
SEP 30 22:30:13.642.399 cdaq_evt[00872]: BSD:READ_ERR.
SEP 30 22:30:15.699.464 cdaq_evt[00873]: BSD:READ_ERR.
SEP 30 22:30:17.746.900 cdaq_evt[00874]: BSD:READ_ERR.
SEP 30 22:30:19.788.592 cdaq_evt[00875]: BSD:READ_ERR.
SEP 30 22:30:19.939.152 cdaq_cmd[00982]: SCI_POWER CAL, 0x0FF00000, OFF.
SEP 30 22:30:20.789.046 cdaq_evt[00876]: dispatch: 60430A0100000000.
SEP 30 22:30:21.041.990 cdaq_evt[00877]: dispatch: 60430A0200000000.
SEP 30 22:30:21.295.935 cdaq_evt[00878]: dispatch: 60430A0300000000.
SEP 30 22:30:21.549.898 cdaq_evt[00879]: dispatch: 60430A0400000000.
SEP 30 22:30:21.802.869 cdaq_evt[00880]: dispatch: 60430A0500000000.
SEP 30 22:30:22.054.823 cdaq_evt[00881]: dispatch: 60430A0600000000.
SEP 30 22:30:22.307.784 cdaq_evt[00882]: dispatch: 60430A0700000000.
SEP 30 22:30:22.560.746 cdaq_evt[00883]: dispatch: 60430A0800000000.
SEP 30 22:30:24.350.149 cdaq_evt[00884]: BSD:READ_ERR.
SEP 30 22:30:25.936.781 cdaq_evt[00885]: BSD:READ_ERR.
SEP 30 22:30:27.986.339 cdaq_evt[00886]: BSD:READ_ERR.
SEP 30 22:30:27.986.460 cdaq_evt[00887]: 200 events [0.5 Hz].
SEP 30 22:30:30.034.026 cdaq_evt[00888]: BSD:READ_ERR.
SEP 30 22:30:32.076.841 cdaq_evt[00889]: BSD:READ_ERR.
SEP 30 22:30:34.128.277 cdaq_evt[00890]: BSD:READ_ERR.
SEP 30 22:30:36.177.093 cdaq_evt[00891]: BSD:READ_ERR.
SEP 30 22:30:38.226.907 cdaq_evt[00892]: BSD:READ_ERR.
SEP 30 22:30:40.272.590 cdaq_evt[00893]: BSD:READ_ERR.
SEP 30 22:30:42.317.282 cdaq_evt[00894]: BSD:READ_ERR.
SEP 30 22:30:44.367.967 cdaq_evt[00895]: BSD:READ_ERR.
SEP 30 22:30:46.415.784 cdaq_evt[00896]: BSD:READ_ERR.
SEP 30 22:30:48.460.093 cdaq_evt[00897]: BSD:READ_ERR.
SEP 30 22:30:50.512.285 cdaq_evt[00898]: BSD:READ_ERR.
SEP 30 22:30:52.561.467 cdaq_evt[00899]: BSD:READ_ERR.
SEP 30 22:30:53.539.030 cdaq_cmd[00983]: SCI_POWER CAL, 0x00040000, OFF.
SEP 30 22:30:55.827.678 cdaq_evt[00900]: dispatch: 60430A0A00000000.
SEP 30 22:30:57.116.149 cdaq_evt[00901]: BSD:READ_ERR.
SEP 30 22:31:01.536.811 cdaq_cmd[00984]: SCI_POWER CAL, 0x00004000, OFF.
SEP 30 22:31:09.001.676 cdaq_evt[00902]: ERROR: master trigger: no data after 7896 attempts.
SEP 30 22:31:09.001.696 cdaq_evt[00903]: going to standby mode.
SEP 30 22:31:09.001.702 cdaq_evt[00904]: standby mode.
SEP 30 22:31:09.002.662 cdaq_cmd[00985]: SCI_OPMODE 0, 0.
SEP 30 22:31:09.002.674 cdaq_cmd[00986]: standby mode.
SEP 30 22:31:13.272.008 cdaq_evt[00905]: dispatch: 60430A0E00000000.
SEP 30 22:31:13.526.975 cdaq_evt[00906]: select: avail 0xD3A2, active 0xD3A2.
SEP 30 22:31:13.526.982 cdaq_evt[00907]: standby mode.
SEP 30 22:31:58.935.043 cdaq_cmd[00987]: SCI_SYSTEM 0x00000008.
SEP 30 22:31:58.935.063 cdaq_cmd[00988]: Executing 008.shutdown.
SEP 30 22:31:58.935.367 cdaq_cmd[00989]: cdaq_exec returned 15989.
SEP 30 22:31:58.966.384 cdaq_cmd[00990]: termination of child.
SEP 30 22:31:58.966.416 cdaq_cmd[00991]: resuming.
SEP 30 22:32:10.557.470 cdaq_cmd[00992]: termination of child.
SEP 30 22:32:10.557.493 cdaq_cmd[00993]: resuming.
