SEP 29 13:04:10.377.873 cdaq_hk[00151]: ERROR: failed to claim usb interface 0.
SEP 29 13:04:15.380.129 cdaq_hk[00152]: ERROR: failed to claim usb interface 0.
SEP 29 13:04:20.382.357 cdaq_hk[00153]: ERROR: failed to claim usb interface 0.
SEP 29 13:04:25.384.574 cdaq_hk[00154]: ERROR: failed to claim usb interface 0.
SEP 29 13:04:30.386.821 cdaq_hk[00155]: ERROR: failed to claim usb interface 0.
SEP 29 13:04:35.389.052 cdaq_hk[00156]: ERROR: failed to claim usb interface 0.
SEP 29 13:04:40.391.294 cdaq_hk[00157]: ERROR: failed to claim usb interface 0.
SEP 29 13:04:45.393.523 cdaq_hk[00158]: ERROR: failed to claim usb interface 0.
SEP 29 13:04:50.395.771 cdaq_hk[00159]: ERROR: failed to claim usb interface 0.
SEP 29 13:04:55.398.013 cdaq_hk[00160]: ERROR: failed to claim usb interface 0.
SEP 29 13:05:00.400.245 cdaq_hk[00161]: ERROR: failed to claim usb interface 0.
SEP 29 13:05:05.402.488 cdaq_hk[00162]: ERROR: failed to claim usb interface 0.
SEP 29 13:05:10.404.737 cdaq_hk[00163]: ERROR: failed to claim usb interface 0.
SEP 29 13:05:15.407.944 cdaq_hk[00164]: ERROR: failed to claim usb interface 0.
SEP 29 13:05:20.410.210 cdaq_hk[00165]: ERROR: failed to claim usb interface 0.
SEP 29 13:05:25.412.417 cdaq_hk[00166]: ERROR: failed to claim usb interface 0.
SEP 29 13:05:30.414.663 cdaq_hk[00167]: ERROR: failed to claim usb interface 0.
SEP 29 13:05:35.416.907 cdaq_hk[00168]: ERROR: failed to claim usb interface 0.
SEP 29 13:05:40.419.164 cdaq_hk[00169]: ERROR: failed to claim usb interface 0.
SEP 29 13:05:45.421.367 cdaq_hk[00170]: ERROR: failed to claim usb interface 0.
SEP 29 13:05:50.423.609 cdaq_hk[00171]: ERROR: failed to claim usb interface 0.
SEP 29 13:05:55.425.855 cdaq_hk[00172]: ERROR: failed to claim usb interface 0.
SEP 29 13:06:00.428.080 cdaq_hk[00173]: ERROR: failed to claim usb interface 0.
SEP 29 13:06:05.430.320 cdaq_hk[00174]: ERROR: failed to claim usb interface 0.
SEP 29 13:06:10.432.571 cdaq_hk[00175]: ERROR: failed to claim usb interface 0.
SEP 29 13:06:15.434.794 cdaq_hk[00176]: ERROR: failed to claim usb interface 0.
SEP 29 13:06:20.437.038 cdaq_hk[00177]: ERROR: failed to claim usb interface 0.
SEP 29 13:06:25.439.262 cdaq_hk[00178]: ERROR: failed to claim usb interface 0.
SEP 29 13:06:30.441.527 cdaq_hk[00179]: ERROR: failed to claim usb interface 0.
SEP 29 13:06:35.443.741 cdaq_hk[00180]: ERROR: failed to claim usb interface 0.
SEP 29 13:06:40.445.974 cdaq_hk[00181]: ERROR: failed to claim usb interface 0.
SEP 29 13:06:45.448.229 cdaq_hk[00182]: ERROR: failed to claim usb interface 0.
SEP 29 13:06:50.450.468 cdaq_hk[00183]: ERROR: failed to claim usb interface 0.
SEP 29 13:06:55.452.677 cdaq_hk[00184]: ERROR: failed to claim usb interface 0.
SEP 29 13:07:00.454.936 cdaq_hk[00185]: ERROR: failed to claim usb interface 0.
SEP 29 13:07:05.457.157 cdaq_hk[00186]: ERROR: failed to claim usb interface 0.
SEP 29 13:07:10.459.430 cdaq_hk[00187]: ERROR: failed to claim usb interface 0.
SEP 29 13:07:15.461.658 cdaq_hk[00188]: ERROR: failed to claim usb interface 0.
SEP 29 13:07:20.463.872 cdaq_hk[00189]: ERROR: failed to claim usb interface 0.
SEP 29 13:07:25.466.101 cdaq_hk[00190]: ERROR: failed to claim usb interface 0.
SEP 29 13:07:30.468.369 cdaq_hk[00191]: ERROR: failed to claim usb interface 0.
SEP 29 13:07:35.470.602 cdaq_hk[00192]: ERROR: failed to claim usb interface 0.
SEP 29 13:07:40.472.825 cdaq_hk[00193]: ERROR: failed to claim usb interface 0.
SEP 29 13:07:45.475.089 cdaq_hk[00194]: ERROR: failed to claim usb interface 0.
SEP 29 13:07:50.477.341 cdaq_hk[00195]: ERROR: failed to claim usb interface 0.
SEP 29 13:07:55.479.569 cdaq_hk[00196]: ERROR: failed to claim usb interface 0.
SEP 29 13:08:00.481.807 cdaq_hk[00197]: ERROR: failed to claim usb interface 0.
SEP 29 13:08:05.484.037 cdaq_hk[00198]: ERROR: failed to claim usb interface 0.
SEP 29 13:08:10.486.287 cdaq_hk[00199]: ERROR: failed to claim usb interface 0.
SEP 29 13:08:15.488.501 cdaq_hk[00200]: ERROR: failed to claim usb interface 0.
SEP 29 13:08:20.490.776 cdaq_hk[00201]: ERROR: failed to claim usb interface 0.
SEP 29 13:08:04.749.722 cdaq_hk[00202]: ERROR: failed to claim usb interface 0.
SEP 29 13:08:09.751.850 cdaq_hk[00203]: ERROR: failed to claim usb interface 0.
SEP 29 13:08:14.754.092 cdaq_hk[00204]: ERROR: failed to claim usb interface 0.
SEP 29 13:08:19.756.316 cdaq_hk[00205]: ERROR: failed to claim usb interface 0.
SEP 29 13:08:24.758.592 cdaq_hk[00206]: ERROR: failed to claim usb interface 0.
SEP 29 13:08:29.760.799 cdaq_hk[00207]: ERROR: failed to claim usb interface 0.
SEP 29 13:08:34.763.124 cdaq_hk[00208]: ERROR: failed to claim usb interface 0.
SEP 29 13:08:39.765.340 cdaq_hk[00209]: ERROR: failed to claim usb interface 0.
SEP 29 13:08:44.767.597 cdaq_hk[00210]: ERROR: failed to claim usb interface 0.
SEP 29 13:08:49.769.814 cdaq_hk[00211]: ERROR: failed to claim usb interface 0.
SEP 29 13:08:54.771.982 cdaq_hk[00212]: ERROR: failed to claim usb interface 0.
SEP 29 12:53:05.007.365 cdaq_hk[00216]: ERROR: HK: hardware_event: read (%m).
SEP 29 12:53:05.009.448 cdaq_hk[00217]: ERROR: HK: hardware_event: read (%m).
SEP 29 12:53:05.009.459 cdaq_hk[00218]: ERROR: failed to release usb interface 0.
SEP 29 12:53:15.015.979 cdaq_hk[00219]: ERROR: failed to claim usb interface 0.
SEP 29 12:53:20.019.220 cdaq_hk[00220]: ERROR: failed to claim usb interface 0.
SEP 29 12:53:25.022.468 cdaq_hk[00221]: ERROR: failed to claim usb interface 0.
SEP 29 12:53:30.025.687 cdaq_hk[00222]: ERROR: failed to claim usb interface 0.
SEP 29 12:53:35.398.880 cdaq_hk[00223]: ERROR: failed to claim usb interface 0.
SEP 29 12:53:40.402.179 cdaq_hk[00224]: ERROR: failed to claim usb interface 0.
SEP 29 12:53:45.472.676 cdaq_hk[00225]: ERROR: failed to claim usb interface 0.
SEP 29 12:54:20.452.910 cdaq_cmd[00007]: SCI_PROCESS SNIO, 11, 0.
SEP 29 12:54:20.219.724 cdaq_hk[00226]: ERROR: failed to claim usb interface 0.
SEP 29 12:54:25.414.822 cdaq_hk[00227]: ERROR: failed to claim usb interface 0.
SEP 29 12:54:30.483.108 cdaq_hk[00228]: ERROR: failed to claim usb interface 0.
SEP 29 12:56:19.390.080 cdaq_hk[00229]: ERROR: HK: hardware_event: read (%m).
SEP 29 12:56:30.481.623 cdaq_hk[00230]: ERROR: HK: no response within 0.60 sec.
SEP 29 12:59:19.197.856 cdaq_hk[00231]: ERROR: HK: hardware_event: read (%m).
SEP 29 12:59:19.200.521 cdaq_hk[00232]: ERROR: HK: hardware_event: read (%m).
SEP 29 12:59:19.203.193 cdaq_hk[00233]: ERROR: HK: hardware_event: read (%m).
SEP 29 12:59:19.205.958 cdaq_hk[00234]: ERROR: HK: hardware_event: read (%m).
SEP 29 13:23:31.088.740 cdaq_hk[00043]: ERROR: failed to claim usb interface 0.
SEP 29 13:23:36.090.971 cdaq_hk[00044]: ERROR: failed to claim usb interface 0.
SEP 29 13:23:41.093.203 cdaq_hk[00045]: ERROR: failed to claim usb interface 0.
SEP 29 13:23:46.095.444 cdaq_hk[00046]: ERROR: failed to claim usb interface 0.
SEP 29 13:23:51.096.684 cdaq_hk[00047]: ERROR: failed to claim usb interface 0.
SEP 29 13:23:56.098.920 cdaq_hk[00048]: ERROR: failed to claim usb interface 0.
SEP 29 13:24:01.101.161 cdaq_hk[00049]: ERROR: failed to claim usb interface 0.
SEP 29 13:24:06.103.410 cdaq_hk[00050]: ERROR: failed to claim usb interface 0.
SEP 29 13:24:11.105.608 cdaq_hk[00051]: ERROR: failed to claim usb interface 0.
SEP 29 13:24:16.107.858 cdaq_hk[00052]: ERROR: failed to claim usb interface 0.
SEP 29 13:24:21.110.102 cdaq_hk[00053]: ERROR: failed to claim usb interface 0.
SEP 29 13:24:26.112.343 cdaq_hk[00054]: ERROR: failed to claim usb interface 0.
SEP 29 13:24:31.114.564 cdaq_hk[00055]: ERROR: failed to claim usb interface 0.
SEP 29 13:24:36.116.816 cdaq_hk[00056]: ERROR: failed to claim usb interface 0.
SEP 29 13:24:41.119.047 cdaq_hk[00057]: ERROR: failed to claim usb interface 0.
SEP 29 13:24:46.121.274 cdaq_hk[00058]: ERROR: failed to claim usb interface 0.
SEP 29 13:24:51.123.515 cdaq_hk[00059]: ERROR: failed to claim usb interface 0.
SEP 29 13:24:56.125.745 cdaq_hk[00060]: ERROR: failed to claim usb interface 0.
SEP 29 13:25:01.127.995 cdaq_hk[00061]: ERROR: failed to claim usb interface 0.
SEP 29 13:25:06.130.238 cdaq_hk[00062]: ERROR: failed to claim usb interface 0.
SEP 29 13:25:11.132.471 cdaq_hk[00063]: ERROR: failed to claim usb interface 0.
SEP 29 13:25:16.134.704 cdaq_hk[00064]: ERROR: failed to claim usb interface 0.
SEP 29 13:25:21.136.940 cdaq_hk[00065]: ERROR: failed to claim usb interface 0.
SEP 29 13:25:26.139.177 cdaq_hk[00066]: ERROR: failed to claim usb interface 0.
SEP 29 13:25:31.141.466 cdaq_hk[00067]: ERROR: failed to claim usb interface 0.
SEP 29 13:25:36.143.660 cdaq_hk[00068]: ERROR: failed to claim usb interface 0.
SEP 29 13:25:41.145.892 cdaq_hk[00069]: ERROR: failed to claim usb interface 0.
SEP 29 13:25:46.148.140 cdaq_hk[00070]: ERROR: failed to claim usb interface 0.
SEP 29 13:25:51.150.367 cdaq_hk[00071]: ERROR: failed to claim usb interface 0.
SEP 29 13:25:56.152.606 cdaq_hk[00072]: ERROR: failed to claim usb interface 0.
SEP 29 13:26:01.154.828 cdaq_hk[00073]: ERROR: failed to claim usb interface 0.
SEP 29 13:26:05.029.468 cdaq_cmd[00006]: SCI_PROCESS SNIO, 11, 0.
SEP 29 13:26:05.029.479 cdaq_cmd[00007]: ERROR: COMMAND MISSING: serial number 2, expected number 1.
SEP 29 13:21:06.828.058 cdaq_hk[00074]: ERROR: failed to claim usb interface 0.
SEP 29 13:21:11.830.225 cdaq_hk[00075]: ERROR: failed to claim usb interface 0.
SEP 29 13:21:16.832.438 cdaq_hk[00076]: ERROR: failed to claim usb interface 0.
SEP 29 13:21:21.833.662 cdaq_hk[00077]: ERROR: failed to claim usb interface 0.
SEP 29 13:21:26.835.913 cdaq_hk[00078]: ERROR: failed to claim usb interface 0.
SEP 29 13:21:31.838.123 cdaq_hk[00079]: ERROR: failed to claim usb interface 0.
SEP 29 13:21:36.840.373 cdaq_hk[00080]: ERROR: failed to claim usb interface 0.
SEP 29 13:21:41.842.633 cdaq_hk[00081]: ERROR: failed to claim usb interface 0.
SEP 29 13:21:46.844.854 cdaq_hk[00082]: ERROR: failed to claim usb interface 0.
SEP 29 13:21:51.847.073 cdaq_hk[00083]: ERROR: failed to claim usb interface 0.
SEP 29 13:21:56.849.323 cdaq_hk[00084]: ERROR: failed to claim usb interface 0.
SEP 29 13:22:02.034.326 cdaq_hk[00085]: ERROR: failed to claim usb interface 0.
SEP 29 13:22:07.036.808 cdaq_hk[00086]: ERROR: failed to claim usb interface 0.
SEP 29 13:22:12.220.916 cdaq_hk[00087]: ERROR: failed to claim usb interface 0.
SEP 29 13:22:50.954.231 cdaq_cmd[00008]: SCI_PROCESS SNIO, 11, 0.
SEP 29 13:24:16.400.534 cdaq_hk[00088]: ERROR: HK: no response within 0.60 sec.
SEP 29 13:24:27.770.340 cdaq_hk[00089]: ERROR: HK: hardware_event: read (%m).
SEP 29 13:24:27.773.178 cdaq_hk[00090]: ERROR: HK: hardware_event: read (%m).
SEP 29 13:24:27.775.897 cdaq_hk[00091]: ERROR: HK: hardware_event: read (%m).
SEP 29 13:24:27.778.551 cdaq_hk[00092]: ERROR: HK: hardware_event: read (%m).
SEP 29 13:24:27.781.241 cdaq_hk[00093]: ERROR: HK: hardware_event: read (%m).
SEP 29 13:24:27.784.014 cdaq_hk[00094]: ERROR: HK: hardware_event: read (%m).
